#
# There is insufficient memory for the Java Runtime Environment to continue.
# Native memory allocation (malloc) failed to allocate 96016 bytes for Chunk::new
# Possible reasons:
#   The system is out of physical RAM or swap space
#   The process is running with CompressedOops enabled, and the Java Heap may be blocking the growth of the native heap
# Possible solutions:
#   Reduce memory load on the system
#   Increase physical memory or swap space
#   Check if swap backing store is full
#   Decrease Java heap size (-Xmx/-Xms)
#   Decrease number of Java threads
#   Decrease Java thread stack sizes (-Xss)
#   Set larger code cache with -XX:ReservedCodeCacheSize=
#   JVM is running with Zero Based Compressed Oops mode in which the Java heap is
#     placed in the first 32GB address space. The Java Heap base address is the
#     maximum limit for the native heap growth. Please use -XX:HeapBaseMinAddress
#     to set the Java Heap base and to place the Java Heap above 32GB virtual address.
# This output file may be truncated or incomplete.
#
#  Out of Memory Error (arena.cpp:189), pid=30924, tid=28196
#
# JRE version: Java(TM) SE Runtime Environment (17.0.14+8) (build 17.0.14+8-LTS-191)
# Java VM: Java HotSpot(TM) 64-Bit Server VM (17.0.14+8-LTS-191, mixed mode, sharing, tiered, compressed oops, compressed class ptrs, g1 gc, windows-amd64)
# No core dump will be written. Minidumps are not enabled by default on client versions of Windows
#

---------------  S U M M A R Y ------------

Command Line: -XX:MaxMetaspaceSize=2G -XX:+HeapDumpOnOutOfMemoryError --add-opens=java.base/java.util=ALL-UNNAMED --add-opens=java.base/java.lang=ALL-UNNAMED --add-opens=java.base/java.lang.invoke=ALL-UNNAMED --add-opens=java.prefs/java.util.prefs=ALL-UNNAMED --add-opens=java.base/java.nio.charset=ALL-UNNAMED --add-opens=java.base/java.net=ALL-UNNAMED --add-opens=java.base/java.util.concurrent.atomic=ALL-UNNAMED -Xmx4G -Dfile.encoding=utf8 -Duser.country=US -Duser.language=en -Duser.variant -javaagent:C:\Users\kyle\.gradle\wrapper\dists\gradle-8.3-all\6en3ugtfdg5xnpx44z4qbwgas\gradle-8.3\lib\agents\gradle-instrumentation-agent-8.3.jar org.gradle.launcher.daemon.bootstrap.GradleDaemon 8.3

Host: AMD Ryzen 5 2600 Six-Core Processor            , 12 cores, 15G,  Windows 10 , 64 bit Build 19041 (10.0.19041.5438)
Time: Sat Mar 29 02:44:41 2025 Newfoundland Daylight Time elapsed time: 72.936475 seconds (0d 0h 1m 12s)

---------------  T H R E A D  ---------------

Current thread (0x000001e87a771680):  JavaThread "C2 CompilerThread1" daemon [_thread_in_native, id=28196, stack(0x000000ad0bc00000,0x000000ad0bd00000)]


Current CompileTask:
C2:  72936 13833       4       java.io.DataOutputStream::writeLong (118 bytes)

Stack: [0x000000ad0bc00000,0x000000ad0bd00000]
Native frames: (J=compiled Java code, j=interpreted, Vv=VM code, C=native code)
V  [jvm.dll+0x67a38a]
V  [jvm.dll+0x7da7ed]
V  [jvm.dll+0x7dc133]
V  [jvm.dll+0x7dc7a3]
V  [jvm.dll+0x24517f]
V  [jvm.dll+0xab773]
V  [jvm.dll+0xabd3c]
V  [jvm.dll+0x361dff]
V  [jvm.dll+0x1ba28a]
V  [jvm.dll+0x216a97]
V  [jvm.dll+0x215d6f]
V  [jvm.dll+0x1a2950]
V  [jvm.dll+0x22620b]
V  [jvm.dll+0x2243ab]
V  [jvm.dll+0x790bbc]
V  [jvm.dll+0x78b04a]
V  [jvm.dll+0x679275]
C  [ucrtbase.dll+0x21bb2]
C  [KERNEL32.DLL+0x17374]
C  [ntdll.dll+0x4cc91]


---------------  P R O C E S S  ---------------

Threads class SMR info:
_java_thread_list=0x000001e87c1f3b40, length=149, elements={
0x000001e84d3a35f0, 0x000001e87065f5d0, 0x000001e870660360, 0x000001e870671cc0,
0x000001e870672790, 0x000001e870675170, 0x000001e870675a40, 0x000001e8706766f0,
0x000001e870790150, 0x000001e87067a560, 0x000001e8708809b0, 0x000001e87093a230,
0x000001e876d02720, 0x000001e877740b30, 0x000001e8771d0a90, 0x000001e87776c520,
0x000001e8770a5160, 0x000001e8763a1c90, 0x000001e8770a5640, 0x000001e876684f90,
0x000001e8766859b0, 0x000001e8766863d0, 0x000001e8766854a0, 0x000001e876685ec0,
0x000001e8766868e0, 0x000001e876686df0, 0x000001e876684060, 0x000001e876684570,
0x000001e876687810, 0x000001e876cd3170, 0x000001e876cd6e30, 0x000001e876cd3680,
0x000001e876cd3b90, 0x000001e876cd45b0, 0x000001e876cda0d0, 0x000001e876cd54e0,
0x000001e876cd8270, 0x000001e876cd7340, 0x000001e876cd6410, 0x000001e876cd40a0,
0x000001e876cd8c90, 0x000001e876cd7d60, 0x000001e876cd2c60, 0x000001e876cd4ac0,
0x000001e876cd4fd0, 0x000001e876cd7850, 0x000001e876cda5e0, 0x000001e876cd59f0,
0x000001e876cd6920, 0x000001e87a0b2a10, 0x000001e87a0b4870, 0x000001e87a0b2500,
0x000001e87a0b10c0, 0x000001e87a0af770, 0x000001e87a0b06a0, 0x000001e87a0b15d0,
0x000001e87a0b1ae0, 0x000001e87a0b66d0, 0x000001e87a0af260, 0x000001e87a0b4360,
0x000001e87a0b0bb0, 0x000001e87a0b2f20, 0x000001e87a0b3430, 0x000001e87a0b5290,
0x000001e87a0b3940, 0x000001e87a0b3e50, 0x000001e87a0b57a0, 0x000001e87a0b5cb0,
0x000001e87a0b61c0, 0x000001e87738d8c0, 0x000001e877387890, 0x000001e8773887c0,
0x000001e877387da0, 0x000001e877388cd0, 0x000001e8773882b0, 0x000001e87738b040,
0x000001e8773891e0, 0x000001e87738bf70, 0x000001e877389c00, 0x000001e87738a620,
0x000001e8773896f0, 0x000001e87738a110, 0x000001e87738ab30, 0x000001e87738ba60,
0x000001e87738ddd0, 0x000001e877386960, 0x000001e87738e2e0, 0x000001e87738b550,
0x000001e877387380, 0x000001e87738c990, 0x000001e87738c480, 0x000001e87738cea0,
0x000001e87738d3b0, 0x000001e877386e70, 0x000001e87b316620, 0x000001e87b3142b0,
0x000001e87b317040, 0x000001e87b311010, 0x000001e87b3156f0, 0x000001e87b312960,
0x000001e87b312e70, 0x000001e87b3147c0, 0x000001e87b311520, 0x000001e87b311f40,
0x000001e87b316b30, 0x000001e87b314cd0, 0x000001e87b313380, 0x000001e87b315c00,
0x000001e87b313890, 0x000001e87b313da0, 0x000001e87b3100e0, 0x000001e87b3151e0,
0x000001e87b311a30, 0x000001e87b312450, 0x000001e87b316110, 0x000001e87b317550,
0x000001e87b317a60, 0x000001e87b3105f0, 0x000001e8750e69d0, 0x000001e8750e8830,
0x000001e8750e2800, 0x000001e8750e5aa0, 0x000001e8750e64c0, 0x000001e8750e1de0,
0x000001e8750e5590, 0x000001e8750e8d40, 0x000001e8750e4b70, 0x000001e8750e5fb0,
0x000001e8750e3220, 0x000001e8750e5080, 0x000001e8750e9760, 0x000001e8750e6ee0,
0x000001e8750e73f0, 0x000001e8750e7900, 0x000001e8750e7e10, 0x000001e8750e9250,
0x000001e87a6c1ee0, 0x000001e87a6c5690, 0x000001e87a6c0fb0, 0x000001e87a6c0aa0,
0x000001e87a6c3320, 0x000001e87a6c3830, 0x000001e87a6c4c70, 0x000001e87a6c3d40,
0x000001e87a6c6fe0, 0x000001e87a6c0080, 0x000001e87a6c23f0, 0x000001e87a771680,
0x000001e87a772120
}

Java Threads: ( => current thread )
  0x000001e84d3a35f0 JavaThread "main" [_thread_blocked, id=29004, stack(0x000000ad09a00000,0x000000ad09b00000)]
  0x000001e87065f5d0 JavaThread "Reference Handler" daemon [_thread_blocked, id=28184, stack(0x000000ad0a100000,0x000000ad0a200000)]
  0x000001e870660360 JavaThread "Finalizer" daemon [_thread_blocked, id=36736, stack(0x000000ad0a200000,0x000000ad0a300000)]
  0x000001e870671cc0 JavaThread "Signal Dispatcher" daemon [_thread_blocked, id=26000, stack(0x000000ad0a300000,0x000000ad0a400000)]
  0x000001e870672790 JavaThread "Attach Listener" daemon [_thread_blocked, id=9256, stack(0x000000ad0a400000,0x000000ad0a500000)]
  0x000001e870675170 JavaThread "Service Thread" daemon [_thread_blocked, id=6444, stack(0x000000ad0a500000,0x000000ad0a600000)]
  0x000001e870675a40 JavaThread "Monitor Deflation Thread" daemon [_thread_blocked, id=34488, stack(0x000000ad0a600000,0x000000ad0a700000)]
  0x000001e8706766f0 JavaThread "C2 CompilerThread0" daemon [_thread_blocked, id=19016, stack(0x000000ad0a700000,0x000000ad0a800000)]
  0x000001e870790150 JavaThread "C1 CompilerThread0" daemon [_thread_blocked, id=33524, stack(0x000000ad0a800000,0x000000ad0a900000)]
  0x000001e87067a560 JavaThread "Sweeper thread" daemon [_thread_blocked, id=8484, stack(0x000000ad0a900000,0x000000ad0aa00000)]
  0x000001e8708809b0 JavaThread "Common-Cleaner" daemon [_thread_blocked, id=9668, stack(0x000000ad0aa00000,0x000000ad0ab00000)]
  0x000001e87093a230 JavaThread "Notification Thread" daemon [_thread_blocked, id=11424, stack(0x000000ad0ab00000,0x000000ad0ac00000)]
  0x000001e876d02720 JavaThread "Daemon health stats" [_thread_blocked, id=18480, stack(0x000000ad0b400000,0x000000ad0b500000)]
  0x000001e877740b30 JavaThread "Incoming local TCP Connector on port 60147" [_thread_in_native, id=35648, stack(0x000000ad0b500000,0x000000ad0b600000)]
  0x000001e8771d0a90 JavaThread "Daemon periodic checks" [_thread_blocked, id=7748, stack(0x000000ad0b600000,0x000000ad0b700000)]
  0x000001e87776c520 JavaThread "Daemon" [_thread_blocked, id=34628, stack(0x000000ad0b700000,0x000000ad0b800000)]
  0x000001e8770a5160 JavaThread "Handler for socket connection from /127.0.0.1:60147 to /127.0.0.1:60148" [_thread_in_native, id=15016, stack(0x000000ad0b800000,0x000000ad0b900000)]
  0x000001e8763a1c90 JavaThread "Cancel handler" [_thread_blocked, id=28976, stack(0x000000ad0b900000,0x000000ad0ba00000)]
  0x000001e8770a5640 JavaThread "Daemon worker" [_thread_blocked, id=31192, stack(0x000000ad0ba00000,0x000000ad0bb00000)]
  0x000001e876684f90 JavaThread "Asynchronous log dispatcher for DefaultDaemonConnection: socket connection from /127.0.0.1:60147 to /127.0.0.1:60148" [_thread_blocked, id=32172, stack(0x000000ad0bb00000,0x000000ad0bc00000)]
  0x000001e8766859b0 JavaThread "Daemon client event forwarder" [_thread_in_native, id=22904, stack(0x000000ad0bd00000,0x000000ad0be00000)]
  0x000001e8766863d0 JavaThread "Cache worker for journal cache (C:\Users\kyle\.gradle\caches\journal-1)" [_thread_blocked, id=35380, stack(0x000000ad0ad00000,0x000000ad0ae00000)]
  0x000001e8766854a0 JavaThread "File lock request listener" [_thread_in_native, id=26792, stack(0x000000ad0ae00000,0x000000ad0af00000)]
  0x000001e876685ec0 JavaThread "Cache worker for file hash cache (C:\Users\kyle\.gradle\caches\8.3\fileHashes)" [_thread_blocked, id=9464, stack(0x000000ad0bf00000,0x000000ad0c000000)]
  0x000001e8766868e0 JavaThread "File watcher server" daemon [_thread_in_native, id=36796, stack(0x000000ad0c100000,0x000000ad0c200000)]
  0x000001e876686df0 JavaThread "File watcher consumer" daemon [_thread_blocked, id=21628, stack(0x000000ad0c200000,0x000000ad0c300000)]
  0x000001e876684060 JavaThread "jar transforms" [_thread_blocked, id=21904, stack(0x000000ad0c300000,0x000000ad0c400000)]
  0x000001e876684570 JavaThread "jar transforms Thread 2" [_thread_blocked, id=28228, stack(0x000000ad0c400000,0x000000ad0c500000)]
  0x000001e876687810 JavaThread "jar transforms Thread 3" [_thread_blocked, id=26040, stack(0x000000ad0c500000,0x000000ad0c600000)]
  0x000001e876cd3170 JavaThread "Cache worker for checksums cache (C:\Users\kyle\Documents\GitHub\C_4768_final_project\harvest\android\.gradle\8.3\checksums)" [_thread_blocked, id=27676, stack(0x000000ad0cc00000,0x000000ad0cd00000)]
  0x000001e876cd6e30 JavaThread "Cache worker for file hash cache (C:\Users\kyle\Documents\GitHub\C_4768_final_project\harvest\android\.gradle\8.3\fileHashes)" [_thread_blocked, id=20012, stack(0x000000ad0cd00000,0x000000ad0ce00000)]
  0x000001e876cd3680 JavaThread "Cache worker for cache directory md-supplier (C:\Users\kyle\.gradle\caches\8.3\md-supplier)" [_thread_blocked, id=29128, stack(0x000000ad0ce00000,0x000000ad0cf00000)]
  0x000001e876cd3b90 JavaThread "Cache worker for file content cache (C:\Users\kyle\.gradle\caches\8.3\fileContent)" [_thread_blocked, id=21284, stack(0x000000ad0cf00000,0x000000ad0d000000)]
  0x000001e876cd45b0 JavaThread "Cache worker for cache directory md-rule (C:\Users\kyle\.gradle\caches\8.3\md-rule)" [_thread_blocked, id=6452, stack(0x000000ad0d000000,0x000000ad0d100000)]
  0x000001e876cda0d0 JavaThread "Cache worker for execution history cache (C:\Users\kyle\.gradle\caches\8.3\executionHistory)" [_thread_blocked, id=35552, stack(0x000000ad0d100000,0x000000ad0d200000)]
  0x000001e876cd54e0 JavaThread "jar transforms Thread 4" [_thread_blocked, id=36544, stack(0x000000ad0d200000,0x000000ad0d300000)]
  0x000001e876cd8270 JavaThread "jar transforms Thread 5" [_thread_blocked, id=19776, stack(0x000000ad0d300000,0x000000ad0d400000)]
  0x000001e876cd7340 JavaThread "jar transforms Thread 6" [_thread_blocked, id=26220, stack(0x000000ad0d400000,0x000000ad0d500000)]
  0x000001e876cd6410 JavaThread "jar transforms Thread 7" [_thread_blocked, id=12416, stack(0x000000ad0d500000,0x000000ad0d600000)]
  0x000001e876cd40a0 JavaThread "jar transforms Thread 8" [_thread_blocked, id=7320, stack(0x000000ad0d600000,0x000000ad0d700000)]
  0x000001e876cd8c90 JavaThread "jar transforms Thread 9" [_thread_blocked, id=29308, stack(0x000000ad0d700000,0x000000ad0d800000)]
  0x000001e876cd7d60 JavaThread "jar transforms Thread 10" [_thread_blocked, id=35824, stack(0x000000ad0d800000,0x000000ad0d900000)]
  0x000001e876cd2c60 JavaThread "Cache worker for kotlin-dsl (C:\Users\kyle\.gradle\caches\8.3\kotlin-dsl)" [_thread_blocked, id=28856, stack(0x000000ad0d900000,0x000000ad0da00000)]
  0x000001e876cd4ac0 JavaThread "File lock release action executor" [_thread_blocked, id=27524, stack(0x000000ad0be00000,0x000000ad0bf00000)]
  0x000001e876cd4fd0 JavaThread "jar transforms Thread 11" [_thread_blocked, id=27884, stack(0x000000ad0db00000,0x000000ad0dc00000)]
  0x000001e876cd7850 JavaThread "jar transforms Thread 12" [_thread_blocked, id=9724, stack(0x000000ad0dc00000,0x000000ad0dd00000)]
  0x000001e876cda5e0 JavaThread "Cache worker for dependencies-accessors (C:\Users\kyle\Documents\GitHub\C_4768_final_project\harvest\android\.gradle\8.3\dependencies-accessors)" [_thread_blocked, id=20320, stack(0x000000ad0dd00000,0x000000ad0de00000)]
  0x000001e876cd59f0 JavaThread "Cache worker for Build Output Cleanup Cache (C:\Users\kyle\dev\flutter\packages\flutter_tools\gradle\.gradle\buildOutputCleanup)" [_thread_blocked, id=36664, stack(0x000000ad0da00000,0x000000ad0db00000)]
  0x000001e876cd6920 JavaThread "Unconstrained build operations" [_thread_blocked, id=4088, stack(0x000000ad0df00000,0x000000ad0e000000)]
  0x000001e87a0b2a10 JavaThread "Unconstrained build operations Thread 2" [_thread_blocked, id=22080, stack(0x000000ad0e000000,0x000000ad0e100000)]
  0x000001e87a0b4870 JavaThread "Unconstrained build operations Thread 3" [_thread_blocked, id=4424, stack(0x000000ad0e100000,0x000000ad0e200000)]
  0x000001e87a0b2500 JavaThread "Unconstrained build operations Thread 4" [_thread_blocked, id=8056, stack(0x000000ad0e200000,0x000000ad0e300000)]
  0x000001e87a0b10c0 JavaThread "Unconstrained build operations Thread 5" [_thread_blocked, id=5012, stack(0x000000ad0e300000,0x000000ad0e400000)]
  0x000001e87a0af770 JavaThread "Unconstrained build operations Thread 6" [_thread_blocked, id=7832, stack(0x000000ad0e400000,0x000000ad0e500000)]
  0x000001e87a0b06a0 JavaThread "Unconstrained build operations Thread 7" [_thread_blocked, id=14020, stack(0x000000ad0e500000,0x000000ad0e600000)]
  0x000001e87a0b15d0 JavaThread "Unconstrained build operations Thread 8" [_thread_blocked, id=6780, stack(0x000000ad0e600000,0x000000ad0e700000)]
  0x000001e87a0b1ae0 JavaThread "Unconstrained build operations Thread 9" [_thread_blocked, id=36092, stack(0x000000ad0e700000,0x000000ad0e800000)]
  0x000001e87a0b66d0 JavaThread "Unconstrained build operations Thread 10" [_thread_blocked, id=26896, stack(0x000000ad0e800000,0x000000ad0e900000)]
  0x000001e87a0af260 JavaThread "Unconstrained build operations Thread 11" [_thread_blocked, id=27168, stack(0x000000ad0e900000,0x000000ad0ea00000)]
  0x000001e87a0b4360 JavaThread "Memory manager" [_thread_blocked, id=7592, stack(0x000000ad0ea00000,0x000000ad0eb00000)]
  0x000001e87a0b0bb0 JavaThread "build event listener" [_thread_blocked, id=20268, stack(0x000000ad0de00000,0x000000ad0df00000)]
  0x000001e87a0b2f20 JavaThread "included builds" [_thread_blocked, id=32824, stack(0x000000ad0ec00000,0x000000ad0ed00000)]
  0x000001e87a0b3430 JavaThread "Execution worker" [_thread_blocked, id=22792, stack(0x000000ad0ed00000,0x000000ad0ee00000)]
  0x000001e87a0b5290 JavaThread "Execution worker Thread 2" [_thread_blocked, id=33592, stack(0x000000ad0ee00000,0x000000ad0ef00000)]
  0x000001e87a0b3940 JavaThread "Execution worker Thread 3" [_thread_blocked, id=25628, stack(0x000000ad0ef00000,0x000000ad0f000000)]
  0x000001e87a0b3e50 JavaThread "Execution worker Thread 4" [_thread_blocked, id=25780, stack(0x000000ad0f000000,0x000000ad0f100000)]
  0x000001e87a0b57a0 JavaThread "Execution worker Thread 5" [_thread_blocked, id=11432, stack(0x000000ad0f100000,0x000000ad0f200000)]
  0x000001e87a0b5cb0 JavaThread "Execution worker Thread 6" [_thread_blocked, id=12960, stack(0x000000ad0f200000,0x000000ad0f300000)]
  0x000001e87a0b61c0 JavaThread "Execution worker Thread 7" [_thread_blocked, id=5828, stack(0x000000ad0f300000,0x000000ad0f400000)]
  0x000001e87738d8c0 JavaThread "Execution worker Thread 8" [_thread_blocked, id=35216, stack(0x000000ad0f400000,0x000000ad0f500000)]
  0x000001e877387890 JavaThread "Execution worker Thread 9" [_thread_blocked, id=25768, stack(0x000000ad0f500000,0x000000ad0f600000)]
  0x000001e8773887c0 JavaThread "Execution worker Thread 10" [_thread_blocked, id=12308, stack(0x000000ad0f600000,0x000000ad0f700000)]
  0x000001e877387da0 JavaThread "Execution worker Thread 11" [_thread_blocked, id=6676, stack(0x000000ad0f700000,0x000000ad0f800000)]
  0x000001e877388cd0 JavaThread "Cache worker for execution history cache (C:\Users\kyle\dev\flutter\packages\flutter_tools\gradle\.gradle\8.3\executionHistory)" [_thread_blocked, id=28888, stack(0x000000ad0f800000,0x000000ad0f900000)]
  0x000001e8773882b0 JavaThread "Unconstrained build operations Thread 12" [_thread_blocked, id=35612, stack(0x000000ad0c000000,0x000000ad0c100000)]
  0x000001e87738b040 JavaThread "Unconstrained build operations Thread 13" [_thread_blocked, id=9788, stack(0x000000ad0eb00000,0x000000ad0ec00000)]
  0x000001e8773891e0 JavaThread "Unconstrained build operations Thread 14" [_thread_blocked, id=33496, stack(0x000000ad0f900000,0x000000ad0fa00000)]
  0x000001e87738bf70 JavaThread "Unconstrained build operations Thread 15" [_thread_blocked, id=32468, stack(0x000000ad0fa00000,0x000000ad0fb00000)]
  0x000001e877389c00 JavaThread "Unconstrained build operations Thread 16" [_thread_blocked, id=33328, stack(0x000000ad0fb00000,0x000000ad0fc00000)]
  0x000001e87738a620 JavaThread "Unconstrained build operations Thread 17" [_thread_blocked, id=17664, stack(0x000000ad0fc00000,0x000000ad0fd00000)]
  0x000001e8773896f0 JavaThread "Unconstrained build operations Thread 18" [_thread_blocked, id=20808, stack(0x000000ad0fd00000,0x000000ad0fe00000)]
  0x000001e87738a110 JavaThread "Unconstrained build operations Thread 19" [_thread_blocked, id=4260, stack(0x000000ad0fe00000,0x000000ad0ff00000)]
  0x000001e87738ab30 JavaThread "Unconstrained build operations Thread 20" [_thread_blocked, id=7188, stack(0x000000ad0ff00000,0x000000ad10000000)]
  0x000001e87738ba60 JavaThread "Unconstrained build operations Thread 21" [_thread_blocked, id=31808, stack(0x000000ad10000000,0x000000ad10100000)]
  0x000001e87738ddd0 JavaThread "Unconstrained build operations Thread 22" [_thread_blocked, id=25900, stack(0x000000ad10100000,0x000000ad10200000)]
  0x000001e877386960 JavaThread "Unconstrained build operations Thread 23" [_thread_blocked, id=11900, stack(0x000000ad10200000,0x000000ad10300000)]
  0x000001e87738e2e0 JavaThread "Unconstrained build operations Thread 24" [_thread_blocked, id=16940, stack(0x000000ad10300000,0x000000ad10400000)]
  0x000001e87738b550 JavaThread "Unconstrained build operations Thread 25" [_thread_blocked, id=32820, stack(0x000000ad10400000,0x000000ad10500000)]
  0x000001e877387380 JavaThread "Unconstrained build operations Thread 26" [_thread_blocked, id=24508, stack(0x000000ad10500000,0x000000ad10600000)]
  0x000001e87738c990 JavaThread "Unconstrained build operations Thread 27" [_thread_blocked, id=27244, stack(0x000000ad10600000,0x000000ad10700000)]
  0x000001e87738c480 JavaThread "Unconstrained build operations Thread 28" [_thread_blocked, id=15004, stack(0x000000ad10700000,0x000000ad10800000)]
  0x000001e87738cea0 JavaThread "Unconstrained build operations Thread 29" [_thread_blocked, id=2088, stack(0x000000ad10800000,0x000000ad10900000)]
  0x000001e87738d3b0 JavaThread "Unconstrained build operations Thread 30" [_thread_blocked, id=16280, stack(0x000000ad10900000,0x000000ad10a00000)]
  0x000001e877386e70 JavaThread "Unconstrained build operations Thread 31" [_thread_blocked, id=17960, stack(0x000000ad10a00000,0x000000ad10b00000)]
  0x000001e87b316620 JavaThread "Unconstrained build operations Thread 32" [_thread_blocked, id=32272, stack(0x000000ad10c00000,0x000000ad10d00000)]
  0x000001e87b3142b0 JavaThread "Unconstrained build operations Thread 33" [_thread_blocked, id=6712, stack(0x000000ad10d00000,0x000000ad10e00000)]
  0x000001e87b317040 JavaThread "Unconstrained build operations Thread 34" [_thread_blocked, id=24368, stack(0x000000ad10f00000,0x000000ad11000000)]
  0x000001e87b311010 JavaThread "Unconstrained build operations Thread 35" [_thread_blocked, id=800, stack(0x000000ad11000000,0x000000ad11100000)]
  0x000001e87b3156f0 JavaThread "Unconstrained build operations Thread 36" [_thread_blocked, id=23676, stack(0x000000ad11100000,0x000000ad11200000)]
  0x000001e87b312960 JavaThread "Unconstrained build operations Thread 37" [_thread_blocked, id=30876, stack(0x000000ad11200000,0x000000ad11300000)]
  0x000001e87b312e70 JavaThread "Unconstrained build operations Thread 38" [_thread_blocked, id=18476, stack(0x000000ad11300000,0x000000ad11400000)]
  0x000001e87b3147c0 JavaThread "Unconstrained build operations Thread 39" [_thread_blocked, id=3872, stack(0x000000ad11400000,0x000000ad11500000)]
  0x000001e87b311520 JavaThread "Unconstrained build operations Thread 40" [_thread_blocked, id=30404, stack(0x000000ad11500000,0x000000ad11600000)]
  0x000001e87b311f40 JavaThread "Unconstrained build operations Thread 41" [_thread_blocked, id=324, stack(0x000000ad11600000,0x000000ad11700000)]
  0x000001e87b316b30 JavaThread "Unconstrained build operations Thread 42" [_thread_blocked, id=25904, stack(0x000000ad11700000,0x000000ad11800000)]
  0x000001e87b314cd0 JavaThread "Unconstrained build operations Thread 43" [_thread_blocked, id=27480, stack(0x000000ad11800000,0x000000ad11900000)]
  0x000001e87b313380 JavaThread "Unconstrained build operations Thread 44" [_thread_blocked, id=24600, stack(0x000000ad11900000,0x000000ad11a00000)]
  0x000001e87b315c00 JavaThread "Unconstrained build operations Thread 45" [_thread_blocked, id=13840, stack(0x000000ad11a00000,0x000000ad11b00000)]
  0x000001e87b313890 JavaThread "Exec process" [_thread_blocked, id=19440, stack(0x000000ad11c00000,0x000000ad11d00000)]
  0x000001e87b313da0 JavaThread "Exec process Thread 2" [_thread_blocked, id=6344, stack(0x000000ad11e00000,0x000000ad11f00000)]
  0x000001e87b3100e0 JavaThread "Exec process Thread 3" [_thread_blocked, id=19748, stack(0x000000ad11f00000,0x000000ad12000000)]
  0x000001e87b3151e0 JavaThread "Exec process Thread 4" [_thread_blocked, id=29632, stack(0x000000ad12000000,0x000000ad12100000)]
  0x000001e87b311a30 JavaThread "Unconstrained build operations Thread 46" [_thread_blocked, id=30272, stack(0x000000ad10b00000,0x000000ad10c00000)]
  0x000001e87b312450 JavaThread "Unconstrained build operations Thread 47" [_thread_blocked, id=14492, stack(0x000000ad10e00000,0x000000ad10f00000)]
  0x000001e87b316110 JavaThread "Unconstrained build operations Thread 48" [_thread_blocked, id=5584, stack(0x000000ad11b00000,0x000000ad11c00000)]
  0x000001e87b317550 JavaThread "Unconstrained build operations Thread 49" [_thread_blocked, id=32260, stack(0x000000ad11d00000,0x000000ad11e00000)]
  0x000001e87b317a60 JavaThread "Unconstrained build operations Thread 50" [_thread_blocked, id=35920, stack(0x000000ad12100000,0x000000ad12200000)]
  0x000001e87b3105f0 JavaThread "Unconstrained build operations Thread 51" [_thread_blocked, id=26360, stack(0x000000ad12200000,0x000000ad12300000)]
  0x000001e8750e69d0 JavaThread "Unconstrained build operations Thread 52" [_thread_blocked, id=34888, stack(0x000000ad12500000,0x000000ad12600000)]
  0x000001e8750e8830 JavaThread "Unconstrained build operations Thread 53" [_thread_blocked, id=15864, stack(0x000000ad12600000,0x000000ad12700000)]
  0x000001e8750e2800 JavaThread "Unconstrained build operations Thread 54" [_thread_blocked, id=36012, stack(0x000000ad12700000,0x000000ad12800000)]
  0x000001e8750e5aa0 JavaThread "Unconstrained build operations Thread 55" [_thread_blocked, id=21176, stack(0x000000ad12800000,0x000000ad12900000)]
  0x000001e8750e64c0 JavaThread "Unconstrained build operations Thread 56" [_thread_blocked, id=24516, stack(0x000000ad12900000,0x000000ad12a00000)]
  0x000001e8750e1de0 JavaThread "File lock release action executor Thread 2" [_thread_blocked, id=15884, stack(0x000000ad12a00000,0x000000ad12b00000)]
  0x000001e8750e5590 JavaThread "Cache worker for Build Output Cleanup Cache (C:\Users\kyle\Documents\GitHub\C_4768_final_project\harvest\android\.gradle\buildOutputCleanup)" [_thread_blocked, id=18048, stack(0x000000ad12400000,0x000000ad12500000)]
  0x000001e8750e8d40 JavaThread "Unconstrained build operations Thread 57" [_thread_blocked, id=33564, stack(0x000000ad12b00000,0x000000ad12c00000)]
  0x000001e8750e4b70 JavaThread "Unconstrained build operations Thread 58" [_thread_blocked, id=4912, stack(0x000000ad12c00000,0x000000ad12d00000)]
  0x000001e8750e5fb0 JavaThread "Unconstrained build operations Thread 59" [_thread_blocked, id=3600, stack(0x000000ad12d00000,0x000000ad12e00000)]
  0x000001e8750e3220 JavaThread "Unconstrained build operations Thread 60" [_thread_blocked, id=9836, stack(0x000000ad12e00000,0x000000ad12f00000)]
  0x000001e8750e5080 JavaThread "Unconstrained build operations Thread 61" [_thread_blocked, id=22128, stack(0x000000ad12f00000,0x000000ad13000000)]
  0x000001e8750e9760 JavaThread "Unconstrained build operations Thread 62" [_thread_blocked, id=18444, stack(0x000000ad13000000,0x000000ad13100000)]
  0x000001e8750e6ee0 JavaThread "Unconstrained build operations Thread 63" [_thread_blocked, id=25496, stack(0x000000ad13100000,0x000000ad13200000)]
  0x000001e8750e73f0 JavaThread "Unconstrained build operations Thread 64" [_thread_blocked, id=31228, stack(0x000000ad13200000,0x000000ad13300000)]
  0x000001e8750e7900 JavaThread "Unconstrained build operations Thread 65" [_thread_blocked, id=2028, stack(0x000000ad13300000,0x000000ad13400000)]
  0x000001e8750e7e10 JavaThread "Unconstrained build operations Thread 66" [_thread_blocked, id=17064, stack(0x000000ad13400000,0x000000ad13500000)]
  0x000001e8750e9250 JavaThread "Unconstrained build operations Thread 67" [_thread_blocked, id=23528, stack(0x000000ad13500000,0x000000ad13600000)]
  0x000001e87a6c1ee0 JavaThread "Unconstrained build operations Thread 68" [_thread_blocked, id=5572, stack(0x000000ad09800000,0x000000ad09900000)]
  0x000001e87a6c5690 JavaThread "Unconstrained build operations Thread 69" [_thread_blocked, id=36248, stack(0x000000ad09900000,0x000000ad09a00000)]
  0x000001e87a6c0fb0 JavaThread "Unconstrained build operations Thread 70" [_thread_blocked, id=20548, stack(0x000000ad13600000,0x000000ad13700000)]
  0x000001e87a6c0aa0 JavaThread "Unconstrained build operations Thread 71" [_thread_blocked, id=15756, stack(0x000000ad13700000,0x000000ad13800000)]
  0x000001e87a6c3320 JavaThread "Unconstrained build operations Thread 72" [_thread_blocked, id=24768, stack(0x000000ad13800000,0x000000ad13900000)]
  0x000001e87a6c3830 JavaThread "Unconstrained build operations Thread 73" [_thread_blocked, id=8128, stack(0x000000ad13900000,0x000000ad13a00000)]
  0x000001e87a6c4c70 JavaThread "Unconstrained build operations Thread 74" [_thread_blocked, id=22272, stack(0x000000ad13a00000,0x000000ad13b00000)]
  0x000001e87a6c3d40 JavaThread "Unconstrained build operations Thread 75" [_thread_blocked, id=19004, stack(0x000000ad13b00000,0x000000ad13c00000)]
  0x000001e87a6c6fe0 JavaThread "Unconstrained build operations Thread 76" [_thread_blocked, id=12184, stack(0x000000ad13c00000,0x000000ad13d00000)]
  0x000001e87a6c0080 JavaThread "Unconstrained build operations Thread 77" [_thread_blocked, id=31784, stack(0x000000ad13d00000,0x000000ad13e00000)]
  0x000001e87a6c23f0 JavaThread "Unconstrained build operations Thread 78" [_thread_blocked, id=21416, stack(0x000000ad13e00000,0x000000ad13f00000)]
=>0x000001e87a771680 JavaThread "C2 CompilerThread1" daemon [_thread_in_native, id=28196, stack(0x000000ad0bc00000,0x000000ad0bd00000)]
  0x000001e87a772120 JavaThread "C2 CompilerThread2" daemon [_thread_blocked, id=2136, stack(0x000000ad13f00000,0x000000ad14000000)]

Other Threads:
  0x000001e8706596b0 VMThread "VM Thread" [stack: 0x000000ad0a000000,0x000000ad0a100000] [id=6136]
  0x000001e870949660 WatcherThread [stack: 0x000000ad0ac00000,0x000000ad0ad00000] [id=12304]
  0x000001e84d411250 GCTaskThread "GC Thread#0" [stack: 0x000000ad09b00000,0x000000ad09c00000] [id=29268]
  0x000001e875af8b30 GCTaskThread "GC Thread#1" [stack: 0x000000ad0af00000,0x000000ad0b000000] [id=31756]
  0x000001e8758c8030 GCTaskThread "GC Thread#2" [stack: 0x000000ad0b000000,0x000000ad0b100000] [id=3888]
  0x000001e8758a0db0 GCTaskThread "GC Thread#3" [stack: 0x000000ad0b100000,0x000000ad0b200000] [id=15076]
  0x000001e8758a1070 GCTaskThread "GC Thread#4" [stack: 0x000000ad0b200000,0x000000ad0b300000] [id=28424]
  0x000001e875aa3000 GCTaskThread "GC Thread#5" [stack: 0x000000ad0b300000,0x000000ad0b400000] [id=33988]
  0x000001e877e9b750 GCTaskThread "GC Thread#6" [stack: 0x000000ad0c600000,0x000000ad0c700000] [id=36820]
  0x000001e877157cd0 GCTaskThread "GC Thread#7" [stack: 0x000000ad0c700000,0x000000ad0c800000] [id=27740]
  0x000001e876b1f890 GCTaskThread "GC Thread#8" [stack: 0x000000ad0c800000,0x000000ad0c900000] [id=35856]
  0x000001e877ee3b40 GCTaskThread "GC Thread#9" [stack: 0x000000ad0c900000,0x000000ad0ca00000] [id=30316]
  0x000001e84b2edfe0 ConcurrentGCThread "G1 Main Marker" [stack: 0x000000ad09c00000,0x000000ad09d00000] [id=23040]
  0x000001e84b2ee900 ConcurrentGCThread "G1 Conc#0" [stack: 0x000000ad09d00000,0x000000ad09e00000] [id=36748]
  0x000001e8773d4b90 ConcurrentGCThread "G1 Conc#1" [stack: 0x000000ad0ca00000,0x000000ad0cb00000] [id=6496]
  0x000001e878026f70 ConcurrentGCThread "G1 Conc#2" [stack: 0x000000ad0cb00000,0x000000ad0cc00000] [id=33520]
  0x000001e87050d130 ConcurrentGCThread "G1 Refine#0" [stack: 0x000000ad09e00000,0x000000ad09f00000] [id=18724]
  0x000001e87050da70 ConcurrentGCThread "G1 Service" [stack: 0x000000ad09f00000,0x000000ad0a000000] [id=25596]

Threads with active compile tasks:
C2 CompilerThread1    72972 13833       4       java.io.DataOutputStream::writeLong (118 bytes)

VM state: not at safepoint (normal execution)

VM Mutex/Monitor currently owned by a thread: None

Heap address: 0x0000000700000000, size: 4096 MB, Compressed Oops mode: Zero based, Oop shift amount: 3

CDS archive(s) mapped at: [0x000001e800000000-0x000001e800bd0000-0x000001e800bd0000), size 12386304, SharedBaseAddress: 0x000001e800000000, ArchiveRelocationMode: 1.
Compressed class space mapped at: 0x000001e801000000-0x000001e841000000, reserved size: 1073741824
Narrow klass base: 0x000001e800000000, Narrow klass shift: 0, Narrow klass range: 0x100000000

GC Precious Log:
 CPUs: 12 total, 12 available
 Memory: 16332M
 Large Page Support: Disabled
 NUMA Support: Disabled
 Compressed Oops: Enabled (Zero based)
 Heap Region Size: 2M
 Heap Min Capacity: 8M
 Heap Initial Capacity: 256M
 Heap Max Capacity: 4G
 Pre-touch: Disabled
 Parallel Workers: 10
 Concurrent Workers: 3
 Concurrent Refinement Workers: 10
 Periodic GC: Disabled

Heap:
 garbage-first heap   total 374784K, used 172985K [0x0000000700000000, 0x0000000800000000)
  region size 2048K, 16 young (32768K), 8 survivors (16384K)
 Metaspace       used 97051K, committed 98368K, reserved 1179648K
  class space    used 13711K, committed 14336K, reserved 1048576K

Heap Regions: E=young(eden), S=young(survivor), O=old, HS=humongous(starts), HC=humongous(continues), CS=collection set, F=free, OA=open archive, CA=closed archive, TAMS=top-at-mark-start (previous, next)
|   0|0x0000000700000000, 0x0000000700200000, 0x0000000700200000|100%|HS|  |TAMS 0x0000000700200000, 0x0000000700000000| Complete 
|   1|0x0000000700200000, 0x0000000700400000, 0x0000000700400000|100%|HC|  |TAMS 0x0000000700400000, 0x0000000700200000| Complete 
|   2|0x0000000700400000, 0x0000000700600000, 0x0000000700600000|100%| O|  |TAMS 0x0000000700600000, 0x0000000700400000| Untracked 
|   3|0x0000000700600000, 0x0000000700800000, 0x0000000700800000|100%| O|  |TAMS 0x0000000700800000, 0x0000000700600000| Untracked 
|   4|0x0000000700800000, 0x00000007009f8e00, 0x0000000700a00000| 98%| O|  |TAMS 0x00000007009f8e00, 0x0000000700800000| Untracked 
|   5|0x0000000700a00000, 0x0000000700c00000, 0x0000000700c00000|100%| O|  |TAMS 0x0000000700c00000, 0x0000000700a00000| Untracked 
|   6|0x0000000700c00000, 0x0000000700e00000, 0x0000000700e00000|100%| O|  |TAMS 0x0000000700e00000, 0x0000000700c00000| Untracked 
|   7|0x0000000700e00000, 0x0000000701000000, 0x0000000701000000|100%| O|  |TAMS 0x0000000701000000, 0x0000000700e00000| Untracked 
|   8|0x0000000701000000, 0x0000000701200000, 0x0000000701200000|100%| O|  |TAMS 0x0000000701200000, 0x0000000701000000| Untracked 
|   9|0x0000000701200000, 0x0000000701400000, 0x0000000701400000|100%| O|  |TAMS 0x0000000701400000, 0x0000000701200000| Untracked 
|  10|0x0000000701400000, 0x0000000701600000, 0x0000000701600000|100%| O|  |TAMS 0x0000000701600000, 0x0000000701400000| Untracked 
|  11|0x0000000701600000, 0x0000000701800000, 0x0000000701800000|100%| O|  |TAMS 0x0000000701800000, 0x0000000701600000| Untracked 
|  12|0x0000000701800000, 0x0000000701a00000, 0x0000000701a00000|100%| O|  |TAMS 0x0000000701a00000, 0x0000000701800000| Untracked 
|  13|0x0000000701a00000, 0x0000000701c00000, 0x0000000701c00000|100%| O|  |TAMS 0x0000000701c00000, 0x0000000701a00000| Untracked 
|  14|0x0000000701c00000, 0x0000000701e00000, 0x0000000701e00000|100%| O|  |TAMS 0x0000000701e00000, 0x0000000701c00000| Untracked 
|  15|0x0000000701e00000, 0x0000000702000000, 0x0000000702000000|100%| O|  |TAMS 0x0000000702000000, 0x0000000701e00000| Untracked 
|  16|0x0000000702000000, 0x0000000702200000, 0x0000000702200000|100%| O|  |TAMS 0x0000000702200000, 0x0000000702000000| Untracked 
|  17|0x0000000702200000, 0x0000000702400000, 0x0000000702400000|100%| O|  |TAMS 0x0000000702400000, 0x0000000702200000| Untracked 
|  18|0x0000000702400000, 0x0000000702600000, 0x0000000702600000|100%|HS|  |TAMS 0x0000000702600000, 0x0000000702400000| Complete 
|  19|0x0000000702600000, 0x0000000702800000, 0x0000000702800000|100%|HS|  |TAMS 0x0000000702800000, 0x0000000702600000| Complete 
|  20|0x0000000702800000, 0x0000000702a00000, 0x0000000702a00000|100%|HS|  |TAMS 0x0000000702a00000, 0x0000000702800000| Complete 
|  21|0x0000000702a00000, 0x0000000702c00000, 0x0000000702c00000|100%|HC|  |TAMS 0x0000000702c00000, 0x0000000702a00000| Complete 
|  22|0x0000000702c00000, 0x0000000702e00000, 0x0000000702e00000|100%| O|  |TAMS 0x0000000702e00000, 0x0000000702c00000| Untracked 
|  23|0x0000000702e00000, 0x0000000703000000, 0x0000000703000000|100%|HS|  |TAMS 0x0000000703000000, 0x0000000702e00000| Complete 
|  24|0x0000000703000000, 0x0000000703200000, 0x0000000703200000|100%|HC|  |TAMS 0x0000000703200000, 0x0000000703000000| Complete 
|  25|0x0000000703200000, 0x0000000703400000, 0x0000000703400000|100%| O|  |TAMS 0x0000000703400000, 0x0000000703200000| Untracked 
|  26|0x0000000703400000, 0x0000000703600000, 0x0000000703600000|100%| O|  |TAMS 0x0000000703600000, 0x0000000703400000| Untracked 
|  27|0x0000000703600000, 0x0000000703800000, 0x0000000703800000|100%| O|  |TAMS 0x0000000703800000, 0x0000000703600000| Untracked 
|  28|0x0000000703800000, 0x0000000703a00000, 0x0000000703a00000|100%| O|  |TAMS 0x0000000703a00000, 0x0000000703800000| Untracked 
|  29|0x0000000703a00000, 0x0000000703c00000, 0x0000000703c00000|100%| O|  |TAMS 0x0000000703c00000, 0x0000000703a00000| Untracked 
|  30|0x0000000703c00000, 0x0000000703e00000, 0x0000000703e00000|100%| O|  |TAMS 0x0000000703e00000, 0x0000000703c00000| Untracked 
|  31|0x0000000703e00000, 0x0000000704000000, 0x0000000704000000|100%| O|  |TAMS 0x0000000704000000, 0x0000000703e00000| Untracked 
|  32|0x0000000704000000, 0x0000000704200000, 0x0000000704200000|100%| O|  |TAMS 0x0000000704200000, 0x0000000704000000| Untracked 
|  33|0x0000000704200000, 0x0000000704400000, 0x0000000704400000|100%|HS|  |TAMS 0x0000000704400000, 0x0000000704200000| Complete 
|  34|0x0000000704400000, 0x0000000704600000, 0x0000000704600000|100%| O|  |TAMS 0x0000000704600000, 0x0000000704400000| Untracked 
|  35|0x0000000704600000, 0x0000000704800000, 0x0000000704800000|100%| O|  |TAMS 0x0000000704800000, 0x0000000704600000| Untracked 
|  36|0x0000000704800000, 0x0000000704a00000, 0x0000000704a00000|100%|HS|  |TAMS 0x0000000704a00000, 0x0000000704800000| Complete 
|  37|0x0000000704a00000, 0x0000000704c00000, 0x0000000704c00000|100%|HC|  |TAMS 0x0000000704c00000, 0x0000000704a00000| Complete 
|  38|0x0000000704c00000, 0x0000000704e00000, 0x0000000704e00000|100%| O|  |TAMS 0x0000000704e00000, 0x0000000704c00000| Untracked 
|  39|0x0000000704e00000, 0x0000000705000000, 0x0000000705000000|100%| O|  |TAMS 0x0000000705000000, 0x0000000704e00000| Untracked 
|  40|0x0000000705000000, 0x0000000705200000, 0x0000000705200000|100%| O|  |TAMS 0x0000000705200000, 0x0000000705000000| Untracked 
|  41|0x0000000705200000, 0x0000000705400000, 0x0000000705400000|100%| O|  |TAMS 0x0000000705400000, 0x0000000705200000| Untracked 
|  42|0x0000000705400000, 0x0000000705600000, 0x0000000705600000|100%| O|  |TAMS 0x0000000705600000, 0x0000000705400000| Untracked 
|  43|0x0000000705600000, 0x0000000705800000, 0x0000000705800000|100%|HS|  |TAMS 0x0000000705800000, 0x0000000705600000| Complete 
|  44|0x0000000705800000, 0x0000000705a00000, 0x0000000705a00000|100%| O|  |TAMS 0x0000000705a00000, 0x0000000705800000| Untracked 
|  45|0x0000000705a00000, 0x0000000705c00000, 0x0000000705c00000|100%|HS|  |TAMS 0x0000000705a00000, 0x0000000705a00000| Complete 
|  46|0x0000000705c00000, 0x0000000705e00000, 0x0000000705e00000|100%| O|  |TAMS 0x0000000705e00000, 0x0000000705c00000| Untracked 
|  47|0x0000000705e00000, 0x0000000706000000, 0x0000000706000000|100%| O|  |TAMS 0x0000000706000000, 0x0000000705e00000| Untracked 
|  48|0x0000000706000000, 0x0000000706200000, 0x0000000706200000|100%| O|  |TAMS 0x0000000706200000, 0x0000000706000000| Untracked 
|  49|0x0000000706200000, 0x0000000706400000, 0x0000000706400000|100%| O|  |TAMS 0x0000000706400000, 0x0000000706200000| Untracked 
|  50|0x0000000706400000, 0x0000000706600000, 0x0000000706600000|100%| O|  |TAMS 0x0000000706600000, 0x0000000706400000| Untracked 
|  51|0x0000000706600000, 0x0000000706800000, 0x0000000706800000|100%|HS|  |TAMS 0x0000000706800000, 0x0000000706600000| Complete 
|  52|0x0000000706800000, 0x0000000706a00000, 0x0000000706a00000|100%|HC|  |TAMS 0x0000000706a00000, 0x0000000706800000| Complete 
|  53|0x0000000706a00000, 0x0000000706c00000, 0x0000000706c00000|100%| O|  |TAMS 0x0000000706c00000, 0x0000000706a00000| Untracked 
|  54|0x0000000706c00000, 0x0000000706e00000, 0x0000000706e00000|100%| O|  |TAMS 0x0000000706cb2c00, 0x0000000706c00000| Untracked 
|  55|0x0000000706e00000, 0x0000000707000000, 0x0000000707000000|100%|HS|  |TAMS 0x0000000706e00000, 0x0000000706e00000| Complete 
|  56|0x0000000707000000, 0x0000000707200000, 0x0000000707200000|100%|HC|  |TAMS 0x0000000707000000, 0x0000000707000000| Complete 
|  57|0x0000000707200000, 0x0000000707400000, 0x0000000707400000|100%| O|  |TAMS 0x0000000707200000, 0x0000000707200000| Untracked 
|  58|0x0000000707400000, 0x0000000707600000, 0x0000000707600000|100%| O|  |TAMS 0x0000000707400000, 0x0000000707400000| Untracked 
|  59|0x0000000707600000, 0x0000000707800000, 0x0000000707800000|100%| O|  |TAMS 0x0000000707600000, 0x0000000707600000| Untracked 
|  60|0x0000000707800000, 0x0000000707a00000, 0x0000000707a00000|100%| O|  |TAMS 0x0000000707800000, 0x0000000707800000| Untracked 
|  61|0x0000000707a00000, 0x0000000707c00000, 0x0000000707c00000|100%| O|  |TAMS 0x0000000707a00000, 0x0000000707a00000| Untracked 
|  62|0x0000000707c00000, 0x0000000707e00000, 0x0000000707e00000|100%| O|  |TAMS 0x0000000707c00000, 0x0000000707c00000| Untracked 
|  63|0x0000000707e00000, 0x0000000708000000, 0x0000000708000000|100%| O|  |TAMS 0x0000000707e00000, 0x0000000707e00000| Untracked 
|  64|0x0000000708000000, 0x0000000708200000, 0x0000000708200000|100%| O|  |TAMS 0x0000000708000000, 0x0000000708000000| Untracked 
|  65|0x0000000708200000, 0x0000000708400000, 0x0000000708400000|100%| O|  |TAMS 0x0000000708200000, 0x0000000708200000| Untracked 
|  66|0x0000000708400000, 0x0000000708600000, 0x0000000708600000|100%| O|  |TAMS 0x0000000708400000, 0x0000000708400000| Untracked 
|  67|0x0000000708600000, 0x0000000708800000, 0x0000000708800000|100%| O|  |TAMS 0x0000000708600000, 0x0000000708600000| Untracked 
|  68|0x0000000708800000, 0x0000000708a00000, 0x0000000708a00000|100%| O|  |TAMS 0x0000000708800000, 0x0000000708800000| Untracked 
|  69|0x0000000708a00000, 0x0000000708b4b800, 0x0000000708c00000| 64%| O|  |TAMS 0x0000000708a00000, 0x0000000708a00000| Untracked 
|  70|0x0000000708c00000, 0x0000000708c00000, 0x0000000708e00000|  0%| F|  |TAMS 0x0000000708c00000, 0x0000000708c00000| Untracked 
|  71|0x0000000708e00000, 0x0000000708e00000, 0x0000000709000000|  0%| F|  |TAMS 0x0000000708e00000, 0x0000000708e00000| Untracked 
|  72|0x0000000709000000, 0x0000000709000000, 0x0000000709200000|  0%| F|  |TAMS 0x0000000709000000, 0x0000000709000000| Untracked 
|  73|0x0000000709200000, 0x0000000709200000, 0x0000000709400000|  0%| F|  |TAMS 0x0000000709200000, 0x0000000709200000| Untracked 
|  74|0x0000000709400000, 0x0000000709400000, 0x0000000709600000|  0%| F|  |TAMS 0x0000000709400000, 0x0000000709400000| Untracked 
|  75|0x0000000709600000, 0x0000000709600000, 0x0000000709800000|  0%| F|  |TAMS 0x0000000709600000, 0x0000000709600000| Untracked 
|  76|0x0000000709800000, 0x0000000709800000, 0x0000000709a00000|  0%| F|  |TAMS 0x0000000709800000, 0x0000000709800000| Untracked 
|  77|0x0000000709a00000, 0x0000000709a00000, 0x0000000709c00000|  0%| F|  |TAMS 0x0000000709a00000, 0x0000000709a00000| Untracked 
|  78|0x0000000709c00000, 0x0000000709c00000, 0x0000000709e00000|  0%| F|  |TAMS 0x0000000709c00000, 0x0000000709c00000| Untracked 
|  79|0x0000000709e00000, 0x0000000709e00000, 0x000000070a000000|  0%| F|  |TAMS 0x0000000709e00000, 0x0000000709e00000| Untracked 
|  80|0x000000070a000000, 0x000000070a000000, 0x000000070a200000|  0%| F|  |TAMS 0x000000070a000000, 0x000000070a000000| Untracked 
|  81|0x000000070a200000, 0x000000070a200000, 0x000000070a400000|  0%| F|  |TAMS 0x000000070a200000, 0x000000070a200000| Untracked 
|  82|0x000000070a400000, 0x000000070a400000, 0x000000070a600000|  0%| F|  |TAMS 0x000000070a400000, 0x000000070a400000| Untracked 
|  83|0x000000070a600000, 0x000000070a600000, 0x000000070a800000|  0%| F|  |TAMS 0x000000070a600000, 0x000000070a600000| Untracked 
|  84|0x000000070a800000, 0x000000070a800000, 0x000000070aa00000|  0%| F|  |TAMS 0x000000070a800000, 0x000000070a800000| Untracked 
|  85|0x000000070aa00000, 0x000000070aa00000, 0x000000070ac00000|  0%| F|  |TAMS 0x000000070aa00000, 0x000000070aa00000| Untracked 
|  86|0x000000070ac00000, 0x000000070ac00000, 0x000000070ae00000|  0%| F|  |TAMS 0x000000070ac00000, 0x000000070ac00000| Untracked 
|  87|0x000000070ae00000, 0x000000070ae00000, 0x000000070b000000|  0%| F|  |TAMS 0x000000070ae00000, 0x000000070ae00000| Untracked 
|  88|0x000000070b000000, 0x000000070b000000, 0x000000070b200000|  0%| F|  |TAMS 0x000000070b000000, 0x000000070b000000| Untracked 
|  89|0x000000070b200000, 0x000000070b200000, 0x000000070b400000|  0%| F|  |TAMS 0x000000070b200000, 0x000000070b200000| Untracked 
|  90|0x000000070b400000, 0x000000070b400000, 0x000000070b600000|  0%| F|  |TAMS 0x000000070b400000, 0x000000070b400000| Untracked 
|  91|0x000000070b600000, 0x000000070b600000, 0x000000070b800000|  0%| F|  |TAMS 0x000000070b600000, 0x000000070b600000| Untracked 
|  92|0x000000070b800000, 0x000000070b800000, 0x000000070ba00000|  0%| F|  |TAMS 0x000000070b800000, 0x000000070b800000| Untracked 
|  93|0x000000070ba00000, 0x000000070ba00000, 0x000000070bc00000|  0%| F|  |TAMS 0x000000070ba00000, 0x000000070ba00000| Untracked 
|  94|0x000000070bc00000, 0x000000070bc00000, 0x000000070be00000|  0%| F|  |TAMS 0x000000070bc00000, 0x000000070bc00000| Untracked 
|  95|0x000000070be00000, 0x000000070be00000, 0x000000070c000000|  0%| F|  |TAMS 0x000000070be00000, 0x000000070be00000| Untracked 
|  96|0x000000070c000000, 0x000000070c1a9e80, 0x000000070c200000| 83%| S|CS|TAMS 0x000000070c000000, 0x000000070c000000| Complete 
|  97|0x000000070c200000, 0x000000070c400000, 0x000000070c400000|100%| S|CS|TAMS 0x000000070c200000, 0x000000070c200000| Complete 
|  98|0x000000070c400000, 0x000000070c600000, 0x000000070c600000|100%| S|CS|TAMS 0x000000070c400000, 0x000000070c400000| Complete 
|  99|0x000000070c600000, 0x000000070c800000, 0x000000070c800000|100%| S|CS|TAMS 0x000000070c600000, 0x000000070c600000| Complete 
| 100|0x000000070c800000, 0x000000070ca00000, 0x000000070ca00000|100%| S|CS|TAMS 0x000000070c800000, 0x000000070c800000| Complete 
| 101|0x000000070ca00000, 0x000000070ca00000, 0x000000070cc00000|  0%| F|  |TAMS 0x000000070ca00000, 0x000000070ca00000| Untracked 
| 102|0x000000070cc00000, 0x000000070cc00000, 0x000000070ce00000|  0%| F|  |TAMS 0x000000070cc00000, 0x000000070cc00000| Untracked 
| 103|0x000000070ce00000, 0x000000070ce00000, 0x000000070d000000|  0%| F|  |TAMS 0x000000070ce00000, 0x000000070ce00000| Untracked 
| 104|0x000000070d000000, 0x000000070d000000, 0x000000070d200000|  0%| F|  |TAMS 0x000000070d000000, 0x000000070d000000| Untracked 
| 105|0x000000070d200000, 0x000000070d200000, 0x000000070d400000|  0%| F|  |TAMS 0x000000070d200000, 0x000000070d200000| Untracked 
| 106|0x000000070d400000, 0x000000070d600000, 0x000000070d600000|100%| S|CS|TAMS 0x000000070d400000, 0x000000070d400000| Complete 
| 107|0x000000070d600000, 0x000000070d800000, 0x000000070d800000|100%| S|CS|TAMS 0x000000070d600000, 0x000000070d600000| Complete 
| 108|0x000000070d800000, 0x000000070da00000, 0x000000070da00000|100%| S|CS|TAMS 0x000000070d800000, 0x000000070d800000| Complete 
| 109|0x000000070da00000, 0x000000070da00000, 0x000000070dc00000|  0%| F|  |TAMS 0x000000070da00000, 0x000000070da00000| Untracked 
| 110|0x000000070dc00000, 0x000000070dc00000, 0x000000070de00000|  0%| F|  |TAMS 0x000000070dc00000, 0x000000070dc00000| Untracked 
| 111|0x000000070de00000, 0x000000070de00000, 0x000000070e000000|  0%| F|  |TAMS 0x000000070de00000, 0x000000070de00000| Untracked 
| 112|0x000000070e000000, 0x000000070e000000, 0x000000070e200000|  0%| F|  |TAMS 0x000000070e000000, 0x000000070e000000| Untracked 
| 113|0x000000070e200000, 0x000000070e200000, 0x000000070e400000|  0%| F|  |TAMS 0x000000070e200000, 0x000000070e200000| Untracked 
| 114|0x000000070e400000, 0x000000070e400000, 0x000000070e600000|  0%| F|  |TAMS 0x000000070e400000, 0x000000070e400000| Untracked 
| 115|0x000000070e600000, 0x000000070e600000, 0x000000070e800000|  0%| F|  |TAMS 0x000000070e600000, 0x000000070e600000| Untracked 
| 116|0x000000070e800000, 0x000000070e800000, 0x000000070ea00000|  0%| F|  |TAMS 0x000000070e800000, 0x000000070e800000| Untracked 
| 117|0x000000070ea00000, 0x000000070ea00000, 0x000000070ec00000|  0%| F|  |TAMS 0x000000070ea00000, 0x000000070ea00000| Untracked 
| 118|0x000000070ec00000, 0x000000070ec00000, 0x000000070ee00000|  0%| F|  |TAMS 0x000000070ec00000, 0x000000070ec00000| Untracked 
| 119|0x000000070ee00000, 0x000000070ee00000, 0x000000070f000000|  0%| F|  |TAMS 0x000000070ee00000, 0x000000070ee00000| Untracked 
| 120|0x000000070f000000, 0x000000070f000000, 0x000000070f200000|  0%| F|  |TAMS 0x000000070f000000, 0x000000070f000000| Untracked 
| 121|0x000000070f200000, 0x000000070f200000, 0x000000070f400000|  0%| F|  |TAMS 0x000000070f200000, 0x000000070f200000| Untracked 
| 122|0x000000070f400000, 0x000000070f400000, 0x000000070f600000|  0%| F|  |TAMS 0x000000070f400000, 0x000000070f400000| Untracked 
| 123|0x000000070f600000, 0x000000070f600000, 0x000000070f800000|  0%| F|  |TAMS 0x000000070f600000, 0x000000070f600000| Untracked 
| 124|0x000000070f800000, 0x000000070f800000, 0x000000070fa00000|  0%| F|  |TAMS 0x000000070f800000, 0x000000070f800000| Untracked 
| 125|0x000000070fa00000, 0x000000070fa00000, 0x000000070fc00000|  0%| F|  |TAMS 0x000000070fa00000, 0x000000070fa00000| Untracked 
| 126|0x000000070fc00000, 0x000000070fc00000, 0x000000070fe00000|  0%| F|  |TAMS 0x000000070fc00000, 0x000000070fc00000| Untracked 
| 127|0x000000070fe00000, 0x000000070fe00000, 0x0000000710000000|  0%| F|  |TAMS 0x000000070fe00000, 0x000000070fe00000| Untracked 
| 128|0x0000000710000000, 0x0000000710000000, 0x0000000710200000|  0%| F|  |TAMS 0x0000000710000000, 0x0000000710000000| Untracked 
| 129|0x0000000710200000, 0x0000000710200000, 0x0000000710400000|  0%| F|  |TAMS 0x0000000710200000, 0x0000000710200000| Untracked 
| 130|0x0000000710400000, 0x0000000710400000, 0x0000000710600000|  0%| F|  |TAMS 0x0000000710400000, 0x0000000710400000| Untracked 
| 131|0x0000000710600000, 0x0000000710600000, 0x0000000710800000|  0%| F|  |TAMS 0x0000000710600000, 0x0000000710600000| Untracked 
| 132|0x0000000710800000, 0x0000000710800000, 0x0000000710a00000|  0%| F|  |TAMS 0x0000000710800000, 0x0000000710800000| Untracked 
| 133|0x0000000710a00000, 0x0000000710a00000, 0x0000000710c00000|  0%| F|  |TAMS 0x0000000710a00000, 0x0000000710a00000| Untracked 
| 134|0x0000000710c00000, 0x0000000710c00000, 0x0000000710e00000|  0%| F|  |TAMS 0x0000000710c00000, 0x0000000710c00000| Untracked 
| 135|0x0000000710e00000, 0x0000000710e00000, 0x0000000711000000|  0%| F|  |TAMS 0x0000000710e00000, 0x0000000710e00000| Untracked 
| 136|0x0000000711000000, 0x0000000711000000, 0x0000000711200000|  0%| F|  |TAMS 0x0000000711000000, 0x0000000711000000| Untracked 
| 137|0x0000000711200000, 0x0000000711200000, 0x0000000711400000|  0%| F|  |TAMS 0x0000000711200000, 0x0000000711200000| Untracked 
| 138|0x0000000711400000, 0x0000000711400000, 0x0000000711600000|  0%| F|  |TAMS 0x0000000711400000, 0x0000000711400000| Untracked 
| 139|0x0000000711600000, 0x0000000711600000, 0x0000000711800000|  0%| F|  |TAMS 0x0000000711600000, 0x0000000711600000| Untracked 
| 140|0x0000000711800000, 0x0000000711800000, 0x0000000711a00000|  0%| F|  |TAMS 0x0000000711800000, 0x0000000711800000| Untracked 
| 141|0x0000000711a00000, 0x0000000711a00000, 0x0000000711c00000|  0%| F|  |TAMS 0x0000000711a00000, 0x0000000711a00000| Untracked 
| 142|0x0000000711c00000, 0x0000000711c00000, 0x0000000711e00000|  0%| F|  |TAMS 0x0000000711c00000, 0x0000000711c00000| Untracked 
| 143|0x0000000711e00000, 0x0000000711e00000, 0x0000000712000000|  0%| F|  |TAMS 0x0000000711e00000, 0x0000000711e00000| Untracked 
| 144|0x0000000712000000, 0x0000000712000000, 0x0000000712200000|  0%| F|  |TAMS 0x0000000712000000, 0x0000000712000000| Untracked 
| 145|0x0000000712200000, 0x0000000712200000, 0x0000000712400000|  0%| F|  |TAMS 0x0000000712200000, 0x0000000712200000| Untracked 
| 146|0x0000000712400000, 0x0000000712400000, 0x0000000712600000|  0%| F|  |TAMS 0x0000000712400000, 0x0000000712400000| Untracked 
| 147|0x0000000712600000, 0x0000000712600000, 0x0000000712800000|  0%| F|  |TAMS 0x0000000712600000, 0x0000000712600000| Untracked 
| 148|0x0000000712800000, 0x0000000712800000, 0x0000000712a00000|  0%| F|  |TAMS 0x0000000712800000, 0x0000000712800000| Untracked 
| 149|0x0000000712a00000, 0x0000000712a00000, 0x0000000712c00000|  0%| F|  |TAMS 0x0000000712a00000, 0x0000000712a00000| Untracked 
| 150|0x0000000712c00000, 0x0000000712c00000, 0x0000000712e00000|  0%| F|  |TAMS 0x0000000712c00000, 0x0000000712c00000| Untracked 
| 151|0x0000000712e00000, 0x0000000712e00000, 0x0000000713000000|  0%| F|  |TAMS 0x0000000712e00000, 0x0000000712e00000| Untracked 
| 152|0x0000000713000000, 0x0000000713000000, 0x0000000713200000|  0%| F|  |TAMS 0x0000000713000000, 0x0000000713000000| Untracked 
| 153|0x0000000713200000, 0x0000000713200000, 0x0000000713400000|  0%| F|  |TAMS 0x0000000713200000, 0x0000000713200000| Untracked 
| 154|0x0000000713400000, 0x0000000713400000, 0x0000000713600000|  0%| F|  |TAMS 0x0000000713400000, 0x0000000713400000| Untracked 
| 155|0x0000000713600000, 0x0000000713600000, 0x0000000713800000|  0%| F|  |TAMS 0x0000000713600000, 0x0000000713600000| Untracked 
| 156|0x0000000713800000, 0x0000000713800000, 0x0000000713a00000|  0%| F|  |TAMS 0x0000000713800000, 0x0000000713800000| Untracked 
| 157|0x0000000713a00000, 0x0000000713a00000, 0x0000000713c00000|  0%| F|  |TAMS 0x0000000713a00000, 0x0000000713a00000| Untracked 
| 158|0x0000000713c00000, 0x0000000713c00000, 0x0000000713e00000|  0%| F|  |TAMS 0x0000000713c00000, 0x0000000713c00000| Untracked 
| 159|0x0000000713e00000, 0x0000000713e00000, 0x0000000714000000|  0%| F|  |TAMS 0x0000000713e00000, 0x0000000713e00000| Untracked 
| 160|0x0000000714000000, 0x0000000714000000, 0x0000000714200000|  0%| F|  |TAMS 0x0000000714000000, 0x0000000714000000| Untracked 
| 161|0x0000000714200000, 0x0000000714200000, 0x0000000714400000|  0%| F|  |TAMS 0x0000000714200000, 0x0000000714200000| Untracked 
| 162|0x0000000714400000, 0x0000000714400000, 0x0000000714600000|  0%| F|  |TAMS 0x0000000714400000, 0x0000000714400000| Untracked 
| 163|0x0000000714600000, 0x0000000714600000, 0x0000000714800000|  0%| F|  |TAMS 0x0000000714600000, 0x0000000714600000| Untracked 
| 164|0x0000000714800000, 0x0000000714800000, 0x0000000714a00000|  0%| F|  |TAMS 0x0000000714800000, 0x0000000714800000| Untracked 
| 165|0x0000000714a00000, 0x0000000714a00000, 0x0000000714c00000|  0%| F|  |TAMS 0x0000000714a00000, 0x0000000714a00000| Untracked 
| 166|0x0000000714c00000, 0x0000000714c00000, 0x0000000714e00000|  0%| F|  |TAMS 0x0000000714c00000, 0x0000000714c00000| Untracked 
| 167|0x0000000714e00000, 0x0000000714e00000, 0x0000000715000000|  0%| F|  |TAMS 0x0000000714e00000, 0x0000000714e00000| Untracked 
| 168|0x0000000715000000, 0x0000000715000000, 0x0000000715200000|  0%| F|  |TAMS 0x0000000715000000, 0x0000000715000000| Untracked 
| 169|0x0000000715200000, 0x0000000715200000, 0x0000000715400000|  0%| F|  |TAMS 0x0000000715200000, 0x0000000715200000| Untracked 
| 170|0x0000000715400000, 0x0000000715400000, 0x0000000715600000|  0%| F|  |TAMS 0x0000000715400000, 0x0000000715400000| Untracked 
| 171|0x0000000715600000, 0x0000000715600000, 0x0000000715800000|  0%| F|  |TAMS 0x0000000715600000, 0x0000000715600000| Untracked 
| 172|0x0000000715800000, 0x0000000715800000, 0x0000000715a00000|  0%| F|  |TAMS 0x0000000715800000, 0x0000000715800000| Untracked 
| 173|0x0000000715a00000, 0x0000000715a00000, 0x0000000715c00000|  0%| F|  |TAMS 0x0000000715a00000, 0x0000000715a00000| Untracked 
| 174|0x0000000715c00000, 0x0000000715c00000, 0x0000000715e00000|  0%| F|  |TAMS 0x0000000715c00000, 0x0000000715c00000| Untracked 
| 175|0x0000000715e00000, 0x0000000715e43530, 0x0000000716000000| 13%| E|  |TAMS 0x0000000715e00000, 0x0000000715e00000| Complete 
| 176|0x0000000716000000, 0x0000000716200000, 0x0000000716200000|100%| E|CS|TAMS 0x0000000716000000, 0x0000000716000000| Complete 
| 177|0x0000000716200000, 0x0000000716400000, 0x0000000716400000|100%| E|CS|TAMS 0x0000000716200000, 0x0000000716200000| Complete 
| 178|0x0000000716400000, 0x0000000716600000, 0x0000000716600000|100%| E|CS|TAMS 0x0000000716400000, 0x0000000716400000| Complete 
| 179|0x0000000716600000, 0x0000000716800000, 0x0000000716800000|100%| E|CS|TAMS 0x0000000716600000, 0x0000000716600000| Complete 
| 180|0x0000000716800000, 0x0000000716a00000, 0x0000000716a00000|100%| E|CS|TAMS 0x0000000716800000, 0x0000000716800000| Complete 
| 181|0x0000000716a00000, 0x0000000716c00000, 0x0000000716c00000|100%| E|CS|TAMS 0x0000000716a00000, 0x0000000716a00000| Complete 
|2047|0x00000007ffe00000, 0x0000000800000000, 0x0000000800000000|100%| E|CS|TAMS 0x00000007ffe00000, 0x00000007ffe00000| Complete 

Card table byte_map: [0x000001e8649d0000,0x000001e8651d0000] _byte_map_base: 0x000001e8611d0000

Marking Bits (Prev, Next): (CMBitMap*) 0x000001e84d411780, (CMBitMap*) 0x000001e84d4117c0
 Prev Bits: [0x000001e8659d0000, 0x000001e8699d0000)
 Next Bits: [0x000001e8699d0000, 0x000001e86d9d0000)

Polling page: 0x000001e84b390000

Metaspace:

Usage:
  Non-class:     81.39 MB used.
      Class:     13.39 MB used.
       Both:     94.78 MB used.

Virtual space:
  Non-class space:      128.00 MB reserved,      82.06 MB ( 64%) committed,  2 nodes.
      Class space:        1.00 GB reserved,      14.00 MB (  1%) committed,  1 nodes.
             Both:        1.12 GB reserved,      96.06 MB (  8%) committed. 

Chunk freelists:
   Non-Class:  13.99 MB
       Class:  1.92 MB
        Both:  15.91 MB

MaxMetaspaceSize: 2.00 GB
CompressedClassSpaceSize: 1.00 GB
Initial GC threshold: 21.00 MB
Current GC threshold: 133.88 MB
CDS: on
MetaspaceReclaimPolicy: balanced
 - commit_granule_bytes: 65536.
 - commit_granule_words: 8192.
 - virtual_space_node_default_size: 8388608.
 - enlarge_chunks_in_place: 1.
 - new_chunks_are_fully_committed: 0.
 - uncommit_free_chunks: 1.
 - use_allocation_guard: 0.
 - handle_deallocations: 1.


Internal statistics:

num_allocs_failed_limit: 6.
num_arena_births: 1492.
num_arena_deaths: 0.
num_vsnodes_births: 3.
num_vsnodes_deaths: 0.
num_space_committed: 1537.
num_space_uncommitted: 0.
num_chunks_returned_to_freelist: 6.
num_chunks_taken_from_freelist: 5880.
num_chunk_merges: 3.
num_chunk_splits: 3739.
num_chunks_enlarged: 2350.
num_inconsistent_stats: 0.

CodeHeap 'non-profiled nmethods': size=120000Kb used=8142Kb max_used=8142Kb free=111857Kb
 bounds [0x000001e85c750000, 0x000001e85cf50000, 0x000001e863c80000]
CodeHeap 'profiled nmethods': size=120000Kb used=23229Kb max_used=23376Kb free=96770Kb
 bounds [0x000001e854c80000, 0x000001e856360000, 0x000001e85c1b0000]
CodeHeap 'non-nmethods': size=5760Kb used=2427Kb max_used=2490Kb free=3332Kb
 bounds [0x000001e85c1b0000, 0x000001e85c430000, 0x000001e85c750000]
 total_blobs=12645 nmethods=11684 adapters=871
 compilation: enabled
              stopped_count=0, restarted_count=0
 full_count=0

Compilation events (20 events):
Event: 72.725 Thread 0x000001e870790150 nmethod 13829 0x000001e85cf3f110 code [0x000001e85cf3f2a0, 0x000001e85cf3f378]
Event: 72.725 Thread 0x000001e870790150 13830       3       org.gradle.internal.snapshot.impl.IntegerValueSnapshot::isolate (5 bytes)
Event: 72.725 Thread 0x000001e87a771680 13826       4       org.gradle.api.internal.artifacts.ivyservice.resolveengine.projectresult.ResolvedLocalComponentsResultGraphVisitor::visitSelector (1 bytes)
Event: 72.725 Thread 0x000001e87a772120 13827       4       org.gradle.api.internal.artifacts.ivyservice.resolveengine.oldresult.ResolutionFailureCollector::visitSelector (1 bytes)
Event: 72.725 Thread 0x000001e870790150 nmethod 13830 0x000001e855cd1e90 code [0x000001e855cd2040, 0x000001e855cd2218]
Event: 72.725 Thread 0x000001e870790150 13831       3       org.gradle.internal.snapshot.impl.IntegerValueSnapshot::getValue (5 bytes)
Event: 72.726 Thread 0x000001e870790150 nmethod 13831 0x000001e855c6d990 code [0x000001e855c6db20, 0x000001e855c6dc38]
Event: 72.726 Thread 0x000001e87a772120 nmethod 13827 0x000001e85cf3f710 code [0x000001e85cf3f880, 0x000001e85cf3f8f8]
Event: 72.726 Thread 0x000001e87a771680 nmethod 13826 0x000001e85cf3f410 code [0x000001e85cf3f580, 0x000001e85cf3f5f8]
Event: 72.726 Thread 0x000001e87a772120 13822       4       org.gradle.api.internal.artifacts.ivyservice.resolveengine.graph.builder.NodeState::isSelected (18 bytes)
Event: 72.726 Thread 0x000001e87a771680 13824       4       org.gradle.api.internal.artifacts.DefaultModuleIdentifier::equals (74 bytes)
Event: 72.727 Thread 0x000001e87a772120 nmethod 13822 0x000001e85cf3fa10 code [0x000001e85cf3fb80, 0x000001e85cf3fc38]
Event: 72.727 Thread 0x000001e87a772120 13828       4       org.gradle.internal.serialize.kryo.StringDeduplicatingKryoBackedEncoder::writeSmallInt (11 bytes)
Event: 72.727 Thread 0x000001e87a772120 nmethod 13828 0x000001e85cf3fd10 code [0x000001e85cf3fea0, 0x000001e85cf3ff68]
Event: 72.727 Thread 0x000001e87a772120 13823       4       org.gradle.api.internal.artifacts.ivyservice.resolveengine.graph.builder.DependencyState::getModuleIdentifier (34 bytes)
Event: 72.729 Thread 0x000001e87a771680 nmethod 13824 0x000001e85cf40090 code [0x000001e85cf40220, 0x000001e85cf405b8]
Event: 72.730 Thread 0x000001e87a772120 nmethod 13823 0x000001e85cf40790 code [0x000001e85cf40940, 0x000001e85cf40be8]
Event: 72.736 Thread 0x000001e8706766f0 nmethod 13820 0x000001e85cf40e10 code [0x000001e85cf41040, 0x000001e85cf41ae8]
Event: 72.922 Thread 0x000001e87a772120 13832       4       org.gradle.internal.snapshot.LargeChildMap::withNode (45 bytes)
Event: 72.924 Thread 0x000001e87a771680 13833       4       java.io.DataOutputStream::writeLong (118 bytes)

GC Heap History (20 events):
Event: 45.322 GC heap before
{Heap before GC invocations=41 (full 0):
 garbage-first heap   total 178176K, used 107623K [0x0000000700000000, 0x0000000800000000)
  region size 2048K, 4 young (8192K), 2 survivors (4096K)
 Metaspace       used 78148K, committed 79040K, reserved 1179648K
  class space    used 10958K, committed 11392K, reserved 1048576K
}
Event: 45.327 GC heap after
{Heap after GC invocations=42 (full 0):
 garbage-first heap   total 178176K, used 103206K [0x0000000700000000, 0x0000000800000000)
  region size 2048K, 1 young (2048K), 1 survivors (2048K)
 Metaspace       used 78148K, committed 79040K, reserved 1179648K
  class space    used 10958K, committed 11392K, reserved 1048576K
}
Event: 46.680 GC heap before
{Heap before GC invocations=42 (full 0):
 garbage-first heap   total 178176K, used 133926K [0x0000000700000000, 0x0000000800000000)
  region size 2048K, 18 young (36864K), 1 survivors (2048K)
 Metaspace       used 80185K, committed 81024K, reserved 1179648K
  class space    used 11235K, committed 11648K, reserved 1048576K
}
Event: 46.687 GC heap after
{Heap after GC invocations=43 (full 0):
 garbage-first heap   total 178176K, used 104968K [0x0000000700000000, 0x0000000800000000)
  region size 2048K, 2 young (4096K), 2 survivors (4096K)
 Metaspace       used 80185K, committed 81024K, reserved 1179648K
  class space    used 11235K, committed 11648K, reserved 1048576K
}
Event: 47.447 GC heap before
{Heap before GC invocations=44 (full 0):
 garbage-first heap   total 192512K, used 141832K [0x0000000700000000, 0x0000000800000000)
  region size 2048K, 19 young (38912K), 2 survivors (4096K)
 Metaspace       used 81143K, committed 82048K, reserved 1179648K
  class space    used 11354K, committed 11776K, reserved 1048576K
}
Event: 47.453 GC heap after
{Heap after GC invocations=45 (full 0):
 garbage-first heap   total 192512K, used 112186K [0x0000000700000000, 0x0000000800000000)
  region size 2048K, 3 young (6144K), 3 survivors (6144K)
 Metaspace       used 81143K, committed 82048K, reserved 1179648K
  class space    used 11354K, committed 11776K, reserved 1048576K
}
Event: 47.481 GC heap before
{Heap before GC invocations=45 (full 0):
 garbage-first heap   total 192512K, used 114234K [0x0000000700000000, 0x0000000800000000)
  region size 2048K, 4 young (8192K), 3 survivors (6144K)
 Metaspace       used 81154K, committed 82048K, reserved 1179648K
  class space    used 11356K, committed 11776K, reserved 1048576K
}
Event: 47.490 GC heap after
{Heap after GC invocations=46 (full 0):
 garbage-first heap   total 192512K, used 112240K [0x0000000700000000, 0x0000000800000000)
  region size 2048K, 1 young (2048K), 1 survivors (2048K)
 Metaspace       used 81154K, committed 82048K, reserved 1179648K
  class space    used 11356K, committed 11776K, reserved 1048576K
}
Event: 48.285 GC heap before
{Heap before GC invocations=46 (full 0):
 garbage-first heap   total 192512K, used 153200K [0x0000000700000000, 0x0000000800000000)
  region size 2048K, 21 young (43008K), 1 survivors (2048K)
 Metaspace       used 81335K, committed 82240K, reserved 1179648K
  class space    used 11388K, committed 11840K, reserved 1048576K
}
Event: 48.291 GC heap after
{Heap after GC invocations=47 (full 0):
 garbage-first heap   total 374784K, used 114110K [0x0000000700000000, 0x0000000800000000)
  region size 2048K, 2 young (4096K), 2 survivors (4096K)
 Metaspace       used 81335K, committed 82240K, reserved 1179648K
  class space    used 11388K, committed 11840K, reserved 1048576K
}
Event: 54.193 GC heap before
{Heap before GC invocations=48 (full 0):
 garbage-first heap   total 374784K, used 275902K [0x0000000700000000, 0x0000000800000000)
  region size 2048K, 79 young (161792K), 2 survivors (4096K)
 Metaspace       used 88013K, committed 88960K, reserved 1179648K
  class space    used 12431K, committed 12864K, reserved 1048576K
}
Event: 54.203 GC heap after
{Heap after GC invocations=49 (full 0):
 garbage-first heap   total 374784K, used 134484K [0x0000000700000000, 0x0000000800000000)
  region size 2048K, 9 young (18432K), 9 survivors (18432K)
 Metaspace       used 88013K, committed 88960K, reserved 1179648K
  class space    used 12431K, committed 12864K, reserved 1048576K
}
Event: 54.238 GC heap before
{Heap before GC invocations=49 (full 0):
 garbage-first heap   total 374784K, used 134484K [0x0000000700000000, 0x0000000800000000)
  region size 2048K, 10 young (20480K), 9 survivors (18432K)
 Metaspace       used 88111K, committed 89024K, reserved 1179648K
  class space    used 12453K, committed 12864K, reserved 1048576K
}
Event: 54.247 GC heap after
{Heap after GC invocations=50 (full 0):
 garbage-first heap   total 374784K, used 134744K [0x0000000700000000, 0x0000000800000000)
  region size 2048K, 1 young (2048K), 1 survivors (2048K)
 Metaspace       used 88111K, committed 89024K, reserved 1179648K
  class space    used 12453K, committed 12864K, reserved 1048576K
}
Event: 57.192 GC heap before
{Heap before GC invocations=50 (full 0):
 garbage-first heap   total 374784K, used 280152K [0x0000000700000000, 0x0000000800000000)
  region size 2048K, 72 young (147456K), 1 survivors (2048K)
 Metaspace       used 94713K, committed 95808K, reserved 1179648K
  class space    used 13360K, committed 13888K, reserved 1048576K
}
Event: 57.201 GC heap after
{Heap after GC invocations=51 (full 0):
 garbage-first heap   total 374784K, used 142751K [0x0000000700000000, 0x0000000800000000)
  region size 2048K, 5 young (10240K), 5 survivors (10240K)
 Metaspace       used 94713K, committed 95808K, reserved 1179648K
  class space    used 13360K, committed 13888K, reserved 1048576K
}
Event: 62.190 GC heap before
{Heap before GC invocations=51 (full 0):
 garbage-first heap   total 374784K, used 286111K [0x0000000700000000, 0x0000000800000000)
  region size 2048K, 75 young (153600K), 5 survivors (10240K)
 Metaspace       used 94940K, committed 96000K, reserved 1179648K
  class space    used 13381K, committed 13888K, reserved 1048576K
}
Event: 62.196 GC heap after
{Heap after GC invocations=52 (full 0):
 garbage-first heap   total 374784K, used 146372K [0x0000000700000000, 0x0000000800000000)
  region size 2048K, 7 young (14336K), 7 survivors (14336K)
 Metaspace       used 94940K, committed 96000K, reserved 1179648K
  class space    used 13381K, committed 13888K, reserved 1048576K
}
Event: 71.507 GC heap before
{Heap before GC invocations=52 (full 0):
 garbage-first heap   total 374784K, used 293828K [0x0000000700000000, 0x0000000800000000)
  region size 2048K, 79 young (161792K), 7 survivors (14336K)
 Metaspace       used 96885K, committed 98112K, reserved 1179648K
  class space    used 13691K, committed 14272K, reserved 1048576K
}
Event: 71.524 GC heap after
{Heap after GC invocations=53 (full 0):
 garbage-first heap   total 374784K, used 158649K [0x0000000700000000, 0x0000000800000000)
  region size 2048K, 8 young (16384K), 8 survivors (16384K)
 Metaspace       used 96885K, committed 98112K, reserved 1179648K
  class space    used 13691K, committed 14272K, reserved 1048576K
}

Deoptimization events (20 events):
Event: 70.628 Thread 0x000001e8770a5640 DEOPT PACKING pc=0x000001e85cf187c4 sp=0x000000ad0baf86e0
Event: 70.628 Thread 0x000001e8770a5640 DEOPT UNPACKING pc=0x000001e85c2023a3 sp=0x000000ad0baf86b8 mode 2
Event: 70.628 Thread 0x000001e8770a5640 Uncommon trap: trap_request=0xffffffbe fr.pc=0x000001e85cf187c4 relative=0x00000000000008a4
Event: 70.628 Thread 0x000001e8770a5640 Uncommon trap: reason=profile_predicate action=maybe_recompile pc=0x000001e85cf187c4 method=groovy.lang.MetaClassImpl$MethodIndexAction.iterate()V @ 78 c2
Event: 70.628 Thread 0x000001e8770a5640 DEOPT PACKING pc=0x000001e85cf187c4 sp=0x000000ad0baf86e0
Event: 70.628 Thread 0x000001e8770a5640 DEOPT UNPACKING pc=0x000001e85c2023a3 sp=0x000000ad0baf86b8 mode 2
Event: 70.632 Thread 0x000001e8770a5640 DEOPT PACKING pc=0x000001e855dc9a3f sp=0x000000ad0baf8580
Event: 70.632 Thread 0x000001e8770a5640 DEOPT UNPACKING pc=0x000001e85c202b43 sp=0x000000ad0baf7ad0 mode 0
Event: 71.485 Thread 0x000001e8770a5640 Uncommon trap: trap_request=0xffffffbe fr.pc=0x000001e85cf187c4 relative=0x00000000000008a4
Event: 71.485 Thread 0x000001e8770a5640 Uncommon trap: reason=profile_predicate action=maybe_recompile pc=0x000001e85cf187c4 method=groovy.lang.MetaClassImpl$MethodIndexAction.iterate()V @ 78 c2
Event: 71.485 Thread 0x000001e8770a5640 DEOPT PACKING pc=0x000001e85cf187c4 sp=0x000000ad0baf8770
Event: 71.486 Thread 0x000001e8770a5640 DEOPT UNPACKING pc=0x000001e85c2023a3 sp=0x000000ad0baf8748 mode 2
Event: 71.486 Thread 0x000001e8770a5640 Uncommon trap: trap_request=0xffffffbe fr.pc=0x000001e85cf187c4 relative=0x00000000000008a4
Event: 71.486 Thread 0x000001e8770a5640 Uncommon trap: reason=profile_predicate action=maybe_recompile pc=0x000001e85cf187c4 method=groovy.lang.MetaClassImpl$MethodIndexAction.iterate()V @ 78 c2
Event: 71.486 Thread 0x000001e8770a5640 DEOPT PACKING pc=0x000001e85cf187c4 sp=0x000000ad0baf8770
Event: 71.486 Thread 0x000001e8770a5640 DEOPT UNPACKING pc=0x000001e85c2023a3 sp=0x000000ad0baf8748 mode 2
Event: 71.526 Thread 0x000001e8770a5640 Uncommon trap: trap_request=0xfffffff4 fr.pc=0x000001e85cb6bcac relative=0x000000000000050c
Event: 71.526 Thread 0x000001e8770a5640 Uncommon trap: reason=null_check action=make_not_entrant pc=0x000001e85cb6bcac method=java.lang.ThreadLocal$ThreadLocalMap.expungeStaleEntry(I)I @ 51 c2
Event: 71.526 Thread 0x000001e8770a5640 DEOPT PACKING pc=0x000001e85cb6bcac sp=0x000000ad0baf7220
Event: 71.526 Thread 0x000001e8770a5640 DEOPT UNPACKING pc=0x000001e85c2023a3 sp=0x000000ad0baf71c0 mode 2

Classes unloaded (0 events):
No events

Classes redefined (0 events):
No events

Internal exceptions (20 events):
Event: 68.105 Thread 0x000001e8770a5640 Exception <a 'java/lang/ClassNotFoundException'{0x0000000710015038}: user_agent_312n4o5ju4hjlb8znnrxkc3ayCustomizer> (0x0000000710015038) 
thrown [s\open\src\hotspot\share\classfile\systemDictionary.cpp, line 256]
Event: 68.522 Thread 0x000001e8770a5640 Exception <a 'java/lang/ClassNotFoundException'{0x000000070fb72d48}: build_9l7lnfaetm56jbjlhanv05kwmBeanInfo> (0x000000070fb72d48) 
thrown [s\open\src\hotspot\share\classfile\systemDictionary.cpp, line 256]
Event: 68.523 Thread 0x000001e8770a5640 Exception <a 'java/lang/ClassNotFoundException'{0x000000070fb79788}: build_9l7lnfaetm56jbjlhanv05kwmCustomizer> (0x000000070fb79788) 
thrown [s\open\src\hotspot\share\classfile\systemDictionary.cpp, line 256]
Event: 69.391 Thread 0x000001e8770a5640 Exception <a 'java/lang/ClassNotFoundException'{0x000000070f394fd8}: build_9l7lnfaetm56jbjlhanv05kwmBeanInfo> (0x000000070f394fd8) 
thrown [s\open\src\hotspot\share\classfile\systemDictionary.cpp, line 256]
Event: 69.392 Thread 0x000001e8770a5640 Exception <a 'java/lang/ClassNotFoundException'{0x000000070f39b9b8}: build_9l7lnfaetm56jbjlhanv05kwmCustomizer> (0x000000070f39b9b8) 
thrown [s\open\src\hotspot\share\classfile\systemDictionary.cpp, line 256]
Event: 69.426 Thread 0x000001e8770a5640 Exception <a 'java/lang/ClassNotFoundException'{0x000000070ee1b170}: build_9l7lnfaetm56jbjlhanv05kwm$_run_closure1BeanInfo> (0x000000070ee1b170) 
thrown [s\open\src\hotspot\share\classfile\systemDictionary.cpp, line 256]
Event: 69.427 Thread 0x000001e8770a5640 Exception <a 'java/lang/ClassNotFoundException'{0x000000070ee26e90}: build_9l7lnfaetm56jbjlhanv05kwm$_run_closure1Customizer> (0x000000070ee26e90) 
thrown [s\open\src\hotspot\share\classfile\systemDictionary.cpp, line 256]
Event: 70.220 Thread 0x000001e8770a5640 Exception <a 'java/lang/ClassNotFoundException'{0x000000070eeec680}: user_agent_893k8jcn10ijfvyry5xfj3y6bBeanInfo> (0x000000070eeec680) 
thrown [s\open\src\hotspot\share\classfile\systemDictionary.cpp, line 256]
Event: 70.220 Thread 0x000001e8770a5640 Exception <a 'java/lang/ClassNotFoundException'{0x000000070eef6fb0}: user_agent_893k8jcn10ijfvyry5xfj3y6bCustomizer> (0x000000070eef6fb0) 
thrown [s\open\src\hotspot\share\classfile\systemDictionary.cpp, line 256]
Event: 70.630 Thread 0x000001e8770a5640 Exception <a 'java/lang/ClassNotFoundException'{0x000000070e6ee270}: build_77g3mvlehlt96zqw54tpziv01BeanInfo> (0x000000070e6ee270) 
thrown [s\open\src\hotspot\share\classfile\systemDictionary.cpp, line 256]
Event: 70.630 Thread 0x000001e8770a5640 Exception <a 'java/lang/ClassNotFoundException'{0x000000070e6f4cb0}: build_77g3mvlehlt96zqw54tpziv01Customizer> (0x000000070e6f4cb0) 
thrown [s\open\src\hotspot\share\classfile\systemDictionary.cpp, line 256]
Event: 71.487 Thread 0x000001e8770a5640 Exception <a 'java/lang/ClassNotFoundException'{0x000000070db0fc68}: build_77g3mvlehlt96zqw54tpziv01BeanInfo> (0x000000070db0fc68) 
thrown [s\open\src\hotspot\share\classfile\systemDictionary.cpp, line 256]
Event: 71.487 Thread 0x000001e8770a5640 Exception <a 'java/lang/ClassNotFoundException'{0x000000070db16648}: build_77g3mvlehlt96zqw54tpziv01Customizer> (0x000000070db16648) 
thrown [s\open\src\hotspot\share\classfile\systemDictionary.cpp, line 256]
Event: 71.526 Thread 0x000001e8770a5640 Implicit null exception at 0x000001e85cb6b860 to 0x000001e85cb6bc90
Event: 71.562 Thread 0x000001e8770a5640 Exception <a 'java/lang/ClassNotFoundException'{0x00000007fffda378}: build_77g3mvlehlt96zqw54tpziv01$_run_closure2BeanInfo> (0x00000007fffda378) 
thrown [s\open\src\hotspot\share\classfile\systemDictionary.cpp, line 256]
Event: 71.563 Thread 0x000001e8770a5640 Exception <a 'java/lang/ClassNotFoundException'{0x00000007fffe6098}: build_77g3mvlehlt96zqw54tpziv01$_run_closure2Customizer> (0x00000007fffe6098) 
thrown [s\open\src\hotspot\share\classfile\systemDictionary.cpp, line 256]
Event: 72.300 Thread 0x000001e8770a5640 Exception <a 'java/lang/ClassNotFoundException'{0x0000000716aa03a8}: user_agent_x10u06uadoetxl5zdk4bi0o8BeanInfo> (0x0000000716aa03a8) 
thrown [s\open\src\hotspot\share\classfile\systemDictionary.cpp, line 256]
Event: 72.300 Thread 0x000001e8770a5640 Exception <a 'java/lang/ClassNotFoundException'{0x0000000716aaacb0}: user_agent_x10u06uadoetxl5zdk4bi0o8Customizer> (0x0000000716aaacb0) 
thrown [s\open\src\hotspot\share\classfile\systemDictionary.cpp, line 256]
Event: 72.706 Thread 0x000001e8770a5640 Exception <a 'java/lang/ClassNotFoundException'{0x00000007162e99b0}: build_c3cxq9klp6fdtpfrn11ka611xBeanInfo> (0x00000007162e99b0) 
thrown [s\open\src\hotspot\share\classfile\systemDictionary.cpp, line 256]
Event: 72.706 Thread 0x000001e8770a5640 Exception <a 'java/lang/ClassNotFoundException'{0x00000007162f03f0}: build_c3cxq9klp6fdtpfrn11ka611xCustomizer> (0x00000007162f03f0) 
thrown [s\open\src\hotspot\share\classfile\systemDictionary.cpp, line 256]

VM Operations (20 events):
Event: 64.213 Executing VM operation: Cleanup
Event: 64.213 Executing VM operation: Cleanup done
Event: 65.217 Executing VM operation: Cleanup
Event: 65.217 Executing VM operation: Cleanup done
Event: 66.218 Executing VM operation: Cleanup
Event: 66.218 Executing VM operation: Cleanup done
Event: 67.220 Executing VM operation: Cleanup
Event: 67.220 Executing VM operation: Cleanup done
Event: 68.235 Executing VM operation: Cleanup
Event: 68.235 Executing VM operation: Cleanup done
Event: 69.237 Executing VM operation: Cleanup
Event: 69.237 Executing VM operation: Cleanup done
Event: 70.245 Executing VM operation: Cleanup
Event: 70.246 Executing VM operation: Cleanup done
Event: 71.259 Executing VM operation: Cleanup
Event: 71.260 Executing VM operation: Cleanup done
Event: 71.507 Executing VM operation: G1CollectForAllocation
Event: 71.524 Executing VM operation: G1CollectForAllocation done
Event: 72.527 Executing VM operation: Cleanup
Event: 72.528 Executing VM operation: Cleanup done

Events (20 events):
Event: 65.228 Thread 0x000001e87a773bb0 Thread added: 0x000001e87a773bb0
Event: 65.623 Thread 0x000001e87a773bb0 Thread exited: 0x000001e87a773bb0
Event: 66.086 Thread 0x000001e87a773bb0 Thread added: 0x000001e87a773bb0
Event: 67.069 Thread 0x000001e87a773bb0 Thread exited: 0x000001e87a773bb0
Event: 67.299 Thread 0x000001e87a773bb0 Thread added: 0x000001e87a773bb0
Event: 67.475 Thread 0x000001e87a773bb0 Thread exited: 0x000001e87a773bb0
Event: 68.144 Thread 0x000001e87a771680 Thread added: 0x000001e87a771680
Event: 68.523 Thread 0x000001e87a771680 Thread exited: 0x000001e87a771680
Event: 68.536 Thread 0x000001e87a775b90 Thread added: 0x000001e87a775b90
Event: 68.950 Thread 0x000001e87a775b90 Thread exited: 0x000001e87a775b90
Event: 69.411 Thread 0x000001e87a770be0 Thread added: 0x000001e87a770be0
Event: 69.802 Thread 0x000001e87a770be0 Thread exited: 0x000001e87a770be0
Event: 70.667 Thread 0x000001e87a771680 Thread added: 0x000001e87a771680
Event: 70.849 Thread 0x000001e87a771680 Thread exited: 0x000001e87a771680
Event: 71.543 Thread 0x000001e87a775b90 Thread added: 0x000001e87a775b90
Event: 71.886 Thread 0x000001e87a775b90 Thread exited: 0x000001e87a775b90
Event: 72.308 Thread 0x000001e87a774ba0 Thread added: 0x000001e87a774ba0
Event: 72.497 Thread 0x000001e87a774ba0 Thread exited: 0x000001e87a774ba0
Event: 72.725 Thread 0x000001e87a771680 Thread added: 0x000001e87a771680
Event: 72.725 Thread 0x000001e87a772120 Thread added: 0x000001e87a772120


Dynamic libraries:
0x00007ff713a60000 - 0x00007ff713a70000 	C:\Program Files\Java\jdk-17\bin\java.exe
0x00007ff9c1530000 - 0x00007ff9c1728000 	C:\WINDOWS\SYSTEM32\ntdll.dll
0x00007ff9bf6d0000 - 0x00007ff9bf792000 	C:\WINDOWS\System32\KERNEL32.DLL
0x00007ff9bef90000 - 0x00007ff9bf28f000 	C:\WINDOWS\System32\KERNELBASE.dll
0x00007ff9bec60000 - 0x00007ff9bed60000 	C:\WINDOWS\System32\ucrtbase.dll
0x00007ff994510000 - 0x00007ff994529000 	C:\Program Files\Java\jdk-17\bin\jli.dll
0x00007ff9943f0000 - 0x00007ff99440b000 	C:\Program Files\Java\jdk-17\bin\VCRUNTIME140.dll
0x00007ff9bfd80000 - 0x00007ff9bfe2f000 	C:\WINDOWS\System32\ADVAPI32.dll
0x00007ff9bfa20000 - 0x00007ff9bfabe000 	C:\WINDOWS\System32\msvcrt.dll
0x00007ff9bf630000 - 0x00007ff9bf6cf000 	C:\WINDOWS\System32\sechost.dll
0x00007ff9bfad0000 - 0x00007ff9bfbf3000 	C:\WINDOWS\System32\RPCRT4.dll
0x00007ff9bf290000 - 0x00007ff9bf2b7000 	C:\WINDOWS\System32\bcrypt.dll
0x00007ff9bfe90000 - 0x00007ff9c002d000 	C:\WINDOWS\System32\USER32.dll
0x00007ff9bf520000 - 0x00007ff9bf542000 	C:\WINDOWS\System32\win32u.dll
0x00007ff9c14c0000 - 0x00007ff9c14eb000 	C:\WINDOWS\System32\GDI32.dll
0x00007ff9b42f0000 - 0x00007ff9b458a000 	C:\WINDOWS\WinSxS\amd64_microsoft.windows.common-controls_6595b64144ccf1df_6.0.19041.4355_none_60b8b9eb71f62e16\COMCTL32.dll
0x00007ff9bedd0000 - 0x00007ff9beeea000 	C:\WINDOWS\System32\gdi32full.dll
0x00007ff9beef0000 - 0x00007ff9bef8d000 	C:\WINDOWS\System32\msvcp_win.dll
0x00007ff9b7d10000 - 0x00007ff9b7d1a000 	C:\WINDOWS\SYSTEM32\VERSION.dll
0x00007ff9bfe30000 - 0x00007ff9bfe5f000 	C:\WINDOWS\System32\IMM32.DLL
0x00007ff999e60000 - 0x00007ff999e6c000 	C:\Program Files\Java\jdk-17\bin\vcruntime140_1.dll
0x00007ff979ed0000 - 0x00007ff979f5e000 	C:\Program Files\Java\jdk-17\bin\msvcp140.dll
0x00007ff936260000 - 0x00007ff936e41000 	C:\Program Files\Java\jdk-17\bin\server\jvm.dll
0x00007ff9bfac0000 - 0x00007ff9bfac8000 	C:\WINDOWS\System32\PSAPI.DLL
0x00007ff9acf80000 - 0x00007ff9acf89000 	C:\WINDOWS\SYSTEM32\WSOCK32.dll
0x00007ff9b2250000 - 0x00007ff9b2277000 	C:\WINDOWS\SYSTEM32\WINMM.dll
0x00007ff9c0bc0000 - 0x00007ff9c0c2b000 	C:\WINDOWS\System32\WS2_32.dll
0x00007ff9bca30000 - 0x00007ff9bca42000 	C:\WINDOWS\SYSTEM32\kernel.appcore.dll
0x00007ff998c00000 - 0x00007ff998c0a000 	C:\Program Files\Java\jdk-17\bin\jimage.dll
0x00007ff9b1910000 - 0x00007ff9b1af4000 	C:\WINDOWS\SYSTEM32\DBGHELP.DLL
0x00007ff9ad750000 - 0x00007ff9ad784000 	C:\WINDOWS\SYSTEM32\dbgcore.DLL
0x00007ff9bebd0000 - 0x00007ff9bec52000 	C:\WINDOWS\System32\bcryptPrimitives.dll
0x00007ff9b41a0000 - 0x00007ff9b41ae000 	C:\Program Files\Java\jdk-17\bin\instrument.dll
0x00007ff98bea0000 - 0x00007ff98bec5000 	C:\Program Files\Java\jdk-17\bin\java.dll
0x00007ff970f20000 - 0x00007ff970ff7000 	C:\Program Files\Java\jdk-17\bin\jsvml.dll
0x00007ff9c0450000 - 0x00007ff9c0bbd000 	C:\WINDOWS\System32\SHELL32.dll
0x00007ff9bcc30000 - 0x00007ff9bd3d4000 	C:\WINDOWS\SYSTEM32\windows.storage.dll
0x00007ff9c00f0000 - 0x00007ff9c0445000 	C:\WINDOWS\System32\combase.dll
0x00007ff9be600000 - 0x00007ff9be62f000 	C:\WINDOWS\SYSTEM32\Wldp.dll
0x00007ff9bf950000 - 0x00007ff9bfa1d000 	C:\WINDOWS\System32\OLEAUT32.dll
0x00007ff9c1330000 - 0x00007ff9c13dd000 	C:\WINDOWS\System32\SHCORE.dll
0x00007ff9c1270000 - 0x00007ff9c12c5000 	C:\WINDOWS\System32\shlwapi.dll
0x00007ff9beb00000 - 0x00007ff9beb24000 	C:\WINDOWS\SYSTEM32\profapi.dll
0x00007ff994300000 - 0x00007ff994318000 	C:\Program Files\Java\jdk-17\bin\zip.dll
0x00007ff992440000 - 0x00007ff992459000 	C:\Program Files\Java\jdk-17\bin\net.dll
0x00007ff9b7ff0000 - 0x00007ff9b80fa000 	C:\WINDOWS\SYSTEM32\WINHTTP.dll
0x00007ff9be320000 - 0x00007ff9be38c000 	C:\WINDOWS\system32\mswsock.dll
0x00007ff98f490000 - 0x00007ff98f4a6000 	C:\Program Files\Java\jdk-17\bin\nio.dll
0x00007ff994f30000 - 0x00007ff994f40000 	C:\Program Files\Java\jdk-17\bin\verify.dll
0x00007ff98c500000 - 0x00007ff98c527000 	C:\Users\kyle\.gradle\native\68d5fa5c4cc2d200863cafc0d521ce42e7d3e7ee720ec0a83991735586a16f82\windows-amd64\native-platform.dll
0x00007ff970a70000 - 0x00007ff970bb4000 	C:\Users\kyle\.gradle\native\e376f236ea51e6404a007f0833ffe2c6e607c4080706a723a18a27aeea778392\windows-amd64\native-platform-file-events.dll
0x00007ff994ab0000 - 0x00007ff994aba000 	C:\Program Files\Java\jdk-17\bin\management.dll
0x00007ff994a20000 - 0x00007ff994a2b000 	C:\Program Files\Java\jdk-17\bin\management_ext.dll
0x00007ff9be530000 - 0x00007ff9be548000 	C:\WINDOWS\SYSTEM32\CRYPTSP.dll
0x00007ff9bdbd0000 - 0x00007ff9bdc04000 	C:\WINDOWS\system32\rsaenh.dll
0x00007ff9beac0000 - 0x00007ff9beaee000 	C:\WINDOWS\SYSTEM32\USERENV.dll
0x00007ff9be550000 - 0x00007ff9be55c000 	C:\WINDOWS\SYSTEM32\CRYPTBASE.dll
0x00007ff9bdfc0000 - 0x00007ff9bdffb000 	C:\WINDOWS\SYSTEM32\IPHLPAPI.DLL
0x00007ff9c0030000 - 0x00007ff9c0038000 	C:\WINDOWS\System32\NSI.dll
0x00007ff9b9080000 - 0x00007ff9b9097000 	C:\WINDOWS\SYSTEM32\dhcpcsvc6.DLL
0x00007ff9b90d0000 - 0x00007ff9b90ed000 	C:\WINDOWS\SYSTEM32\dhcpcsvc.DLL
0x00007ff9be010000 - 0x00007ff9be0da000 	C:\WINDOWS\SYSTEM32\DNSAPI.dll
0x00007ff9b4190000 - 0x00007ff9b419e000 	C:\Program Files\Java\jdk-17\bin\sunmscapi.dll
0x00007ff9bf2c0000 - 0x00007ff9bf41c000 	C:\WINDOWS\System32\CRYPT32.dll
0x00007ff9be670000 - 0x00007ff9be697000 	C:\WINDOWS\SYSTEM32\ncrypt.dll
0x00007ff9be630000 - 0x00007ff9be66b000 	C:\WINDOWS\SYSTEM32\NTASN1.dll
0x00007ff935580000 - 0x00007ff935587000 	C:\WINDOWS\system32\wshunix.dll
0x00007ff9a7180000 - 0x00007ff9a7197000 	C:\WINDOWS\system32\napinsp.dll
0x00007ff9a6de0000 - 0x00007ff9a6dfb000 	C:\WINDOWS\system32\pnrpnsp.dll
0x00007ff9bb570000 - 0x00007ff9bb585000 	C:\WINDOWS\system32\wshbth.dll
0x00007ff9ba2a0000 - 0x00007ff9ba2bd000 	C:\WINDOWS\system32\NLAapi.dll
0x00007ff9a6dc0000 - 0x00007ff9a6dd2000 	C:\WINDOWS\System32\winrnr.dll
0x00007ff9b7ca0000 - 0x00007ff9b7caa000 	C:\Windows\System32\rasadhlp.dll
0x00007ff9b6a70000 - 0x00007ff9b6af0000 	C:\WINDOWS\System32\fwpuclnt.dll

dbghelp: loaded successfully - version: 4.0.5 - missing functions: none
symbol engine: initialized successfully - sym options: 0x614 - pdb path: .;C:\Program Files\Java\jdk-17\bin;C:\WINDOWS\SYSTEM32;C:\WINDOWS\WinSxS\amd64_microsoft.windows.common-controls_6595b64144ccf1df_6.0.19041.4355_none_60b8b9eb71f62e16;C:\Program Files\Java\jdk-17\bin\server;C:\Users\kyle\.gradle\native\68d5fa5c4cc2d200863cafc0d521ce42e7d3e7ee720ec0a83991735586a16f82\windows-amd64;C:\Users\kyle\.gradle\native\e376f236ea51e6404a007f0833ffe2c6e607c4080706a723a18a27aeea778392\windows-amd64

VM Arguments:
jvm_args: -XX:MaxMetaspaceSize=2G -XX:+HeapDumpOnOutOfMemoryError --add-opens=java.base/java.util=ALL-UNNAMED --add-opens=java.base/java.lang=ALL-UNNAMED --add-opens=java.base/java.lang.invoke=ALL-UNNAMED --add-opens=java.prefs/java.util.prefs=ALL-UNNAMED --add-opens=java.base/java.nio.charset=ALL-UNNAMED --add-opens=java.base/java.net=ALL-UNNAMED --add-opens=java.base/java.util.concurrent.atomic=ALL-UNNAMED -Xmx4G -Dfile.encoding=utf8 -Duser.country=US -Duser.language=en -Duser.variant -javaagent:C:\Users\kyle\.gradle\wrapper\dists\gradle-8.3-all\6en3ugtfdg5xnpx44z4qbwgas\gradle-8.3\lib\agents\gradle-instrumentation-agent-8.3.jar 
java_command: org.gradle.launcher.daemon.bootstrap.GradleDaemon 8.3
java_class_path (initial): C:\Users\kyle\.gradle\wrapper\dists\gradle-8.3-all\6en3ugtfdg5xnpx44z4qbwgas\gradle-8.3\lib\gradle-launcher-8.3.jar
Launcher Type: SUN_STANDARD

[Global flags]
     intx CICompilerCount                          = 4                                         {product} {ergonomic}
     uint ConcGCThreads                            = 3                                         {product} {ergonomic}
     uint G1ConcRefinementThreads                  = 10                                        {product} {ergonomic}
   size_t G1HeapRegionSize                         = 2097152                                   {product} {ergonomic}
    uintx GCDrainStackTargetSize                   = 64                                        {product} {ergonomic}
     bool HeapDumpOnOutOfMemoryError               = true                                   {manageable} {command line}
   size_t InitialHeapSize                          = 268435456                                 {product} {ergonomic}
   size_t MarkStackSize                            = 4194304                                   {product} {ergonomic}
   size_t MaxHeapSize                              = 4294967296                                {product} {command line}
   size_t MaxMetaspaceSize                         = 2147483648                                {product} {command line}
   size_t MaxNewSize                               = 2575302656                                {product} {ergonomic}
   size_t MinHeapDeltaBytes                        = 2097152                                   {product} {ergonomic}
   size_t MinHeapSize                              = 8388608                                   {product} {ergonomic}
    uintx NonNMethodCodeHeapSize                   = 5839372                                {pd product} {ergonomic}
    uintx NonProfiledCodeHeapSize                  = 122909434                              {pd product} {ergonomic}
    uintx ProfiledCodeHeapSize                     = 122909434                              {pd product} {ergonomic}
    uintx ReservedCodeCacheSize                    = 251658240                              {pd product} {ergonomic}
     bool SegmentedCodeCache                       = true                                      {product} {ergonomic}
   size_t SoftMaxHeapSize                          = 4294967296                             {manageable} {ergonomic}
     bool UseCompressedClassPointers               = true                           {product lp64_product} {ergonomic}
     bool UseCompressedOops                        = true                           {product lp64_product} {ergonomic}
     bool UseG1GC                                  = true                                      {product} {ergonomic}
     bool UseLargePagesIndividualAllocation        = false                                  {pd product} {ergonomic}

Logging:
Log output configuration:
 #0: stdout all=warning uptime,level,tags
 #1: stderr all=off uptime,level,tags

Environment Variables:
PATH=C:\Python313\Scripts\;C:\Python313\;C:\Program Files\Common Files\Oracle\Java\javapath;C:\ffmpeg\bin;C:\ffmpeg\bin;C:\ffmpeg\bin;C:\Program Files\NVIDIA GPU Computing Toolkit\CUDA\v11.2\bin;C:\Program Files\NVIDIA GPU Computing Toolkit\CUDA\v11.2\libnvvp;C:\Program Files\NVIDIA GPU Computing Toolkit\CUDA\v11.4\bin;C:\Program Files\NVIDIA GPU Computing Toolkit\CUDA\v11.4\libnvvp;C:\Program Files (x86)\Razer Chroma SDK\bin;C:\Program Files\Razer Chroma SDK\bin;C:\Program Files (x86)\Razer\ChromaBroadcast\bin;C:\Program Files\Razer\ChromaBroadcast\bin;C:\WINDOWS\system32;C:\WINDOWS;C:\WINDOWS\System32\Wbem;C:\WINDOWS\System32\WindowsPowerShell\v1.0\;C:\WINDOWS\System32\OpenSSH\;C:\Program Files\Git\cmd;C:\Program Files\NVIDIA Corporation\NVIDIA NvDLISR;C:\WINDOWS\system32\config\systemprofile\AppData\Local\Microsoft\WindowsApps;C:\Program Files\MongoDB\Server\4.4\bin;;C:\WINDOWS\system32;C:\WINDOWS;C:\WINDOWS\System32\Wbem;C:\WINDOWS\System32\WindowsPowerShell\v1.0\;C:\WINDOWS\System32\OpenSSH\;C:\Program Files (x86)\NVIDIA Corporation\PhysX\Common;C:\Program Files\NVIDIA ;C:\Program Files\dotnet\;C:\ProgramData\chocolatey\bin;C:\Program Files\nodejs\;C:\Users\kyle\AppData\Local\Programs\Python\Python310\Scripts\;C:\Users\kyle\AppData\Local\Programs\Python\Python310\;C:\Users\kyle\.cargo\bin;C:\Users\kyle\AppData\Local\Programs\Python\Python39\Scripts\;C:\Users\kyle\AppData\Local\Programs\Python\Python39\;C:\Program Files\NVIDIA GPU Computing Toolkit\CUDA\v11.4\bin\\..\extras\CUPTI\lib64;C:\Program Files\NVIDIA GPU Computing Toolkit\CUDA\v11.2\bin;C:\Program Files\NVIDIA GPU Computing Toolkit\CUDA\v11.2\libnvvp;C:\Program Files\NVIDIA GPU Computing Toolkit\CUDA\v11.4\bin;C:\Program Files\NVIDIA GPU Computing Toolkit\CUDA\v11.4\libnvvp;C:\Program Files (x86)\Razer Chroma SDK\bin;C:\Program Files\Razer Chroma SDK\bin;C:\Program Files (x86)\Razer\ChromaBroadcast\bin;C:\Program Files\Razer\ChromaBroadcast\bin;C:\WINDOWS\system32;C:\WINDOWS;C:\WINDOWS\System32\Wbem;C:\WIN
USERNAME=kyle
OS=Windows_NT
PROCESSOR_IDENTIFIER=AMD64 Family 23 Model 8 Stepping 2, AuthenticAMD



---------------  S Y S T E M  ---------------

OS:
 Windows 10 , 64 bit Build 19041 (10.0.19041.5438)
OS uptime: 28 days 10:16 hours
Hyper-V role detected

CPU: total 12 (initial active 12) (12 cores per cpu, 2 threads per core) family 23 model 8 stepping 2 microcode 0x0, cx8, cmov, fxsr, ht, mmx, 3dnowpref, sse, sse2, sse3, ssse3, sse4a, sse4.1, sse4.2, popcnt, lzcnt, tsc, tscinvbit, avx, avx2, aes, clmul, bmi1, bmi2, adx, sha, fma, vzeroupper, clflush, clflushopt, hv

Memory: 4k page, system-wide physical 16332M (768M free)
TotalPageFile size 65484M (AvailPageFile size 0M)
current process WorkingSet (physical memory assigned to process): 624M, peak: 639M
current process commit charge ("private bytes"): 689M, peak: 714M

vm_info: Java HotSpot(TM) 64-Bit Server VM (17.0.14+8-LTS-191) for windows-amd64 JRE (17.0.14+8-LTS-191), built on Dec  3 2024 11:07:59 by "mach5one" with MS VC++ 17.6 (VS2022)

END.
