#
# There is insufficient memory for the Java Runtime Environment to continue.
# Native memory allocation (malloc) failed to allocate 50576 bytes. Error detail: Chunk::new
# Possible reasons:
#   The system is out of physical RAM or swap space
#   This process is running with CompressedOops enabled, and the Java Heap may be blocking the growth of the native heap
# Possible solutions:
#   Reduce memory load on the system
#   Increase physical memory or swap space
#   Check if swap backing store is full
#   Decrease Java heap size (-Xmx/-Xms)
#   Decrease number of Java threads
#   Decrease Java thread stack sizes (-Xss)
#   Set larger code cache with -XX:ReservedCodeCacheSize=
#   JVM is running with Unscaled Compressed Oops mode in which the Java heap is
#     placed in the first 4GB address space. The Java Heap base address is the
#     maximum limit for the native heap growth. Please use -XX:HeapBaseMinAddress
#     to set the Java Heap base and to place the Java Heap above 4GB virtual address.
# This output file may be truncated or incomplete.
#
#  Out of Memory Error (arena.cpp:168), pid=14424, tid=12744
#
# JRE version: OpenJDK Runtime Environment Temurin-21.0.6+7 (21.0.6+7) (build 21.0.6+7-LTS)
# Java VM: OpenJDK 64-Bit Server VM Temurin-21.0.6+7 (21.0.6+7-LTS, mixed mode, sharing, tiered, compressed oops, compressed class ptrs, parallel gc, windows-amd64)
# No core dump will be written. Minidumps are not enabled by default on client versions of Windows
#

---------------  S U M M A R Y ------------

Command Line: --add-modules=ALL-SYSTEM --add-opens=java.base/java.util=ALL-UNNAMED --add-opens=java.base/java.lang=ALL-UNNAMED --add-opens=java.base/sun.nio.fs=ALL-UNNAMED -Declipse.application=org.eclipse.jdt.ls.core.id1 -Dosgi.bundles.defaultStartLevel=4 -Declipse.product=org.eclipse.jdt.ls.core.product -Djava.import.generatesMetadataFilesAtProjectRoot=false -DDetectVMInstallationsJob.disabled=true -Dfile.encoding=utf8 -XX:+UseParallelGC -XX:GCTimeRatio=4 -XX:AdaptiveSizePolicyWeight=90 -Dsun.zip.disableMemoryMapping=true -Xmx1G -Xms100m -Xlog:disable -javaagent:c:\Users\kyle\.vscode\extensions\redhat.java-1.41.0-win32-x64\lombok\lombok-1.18.36.jar c:\Users\kyle\.vscode\extensions\redhat.java-1.41.0-win32-x64\server\plugins\org.eclipse.equinox.launcher_1.6.1100.v20250306-0509.jar -configuration c:\Users\kyle\AppData\Roaming\Code\User\globalStorage\redhat.java\1.41.0\config_ss_win -data c:\Users\kyle\AppData\Roaming\Code\User\workspaceStorage\27b870e5d2666bf51d6ebdd89bc5f487\redhat.java\ss_ws --pipe=\\.\pipe\lsp-eb17d4a39f66d1d1ffb2ff9f2a723464-sock

Host: AMD Ryzen 5 2600 Six-Core Processor            , 12 cores, 15G,  Windows 10 , 64 bit Build 19041 (10.0.19041.5438)
Time: Mon Mar 31 00:17:26 2025 Newfoundland Daylight Time elapsed time: 0.721349 seconds (0d 0h 0m 0s)

---------------  T H R E A D  ---------------

Current thread (0x000001a4ea008840):  JavaThread "C2 CompilerThread0" daemon [_thread_in_native, id=12744, stack(0x0000004563800000,0x0000004563900000) (1024K)]


Current CompileTask:
C2:721  617       4       java.util.HashMap$KeyIterator::next (8 bytes)

Stack: [0x0000004563800000,0x0000004563900000]
Native frames: (J=compiled Java code, j=interpreted, Vv=VM code, C=native code)
V  [jvm.dll+0x6cdee9]
V  [jvm.dll+0x8a83d1]
V  [jvm.dll+0x8aa8fe]
V  [jvm.dll+0x8aafe3]
V  [jvm.dll+0x27f706]
V  [jvm.dll+0xc500d]
V  [jvm.dll+0xc5543]
V  [jvm.dll+0x2f2acd]
V  [jvm.dll+0x5f6a2a]
V  [jvm.dll+0x250bb2]
V  [jvm.dll+0x250f6f]
V  [jvm.dll+0x249834]
V  [jvm.dll+0x246ec4]
V  [jvm.dll+0x1c75ee]
V  [jvm.dll+0x25685a]
V  [jvm.dll+0x254dfa]
V  [jvm.dll+0x3f0256]
V  [jvm.dll+0x851f8b]
V  [jvm.dll+0x6cc5ed]
C  [ucrtbase.dll+0x21bb2]
C  [KERNEL32.DLL+0x17374]
C  [ntdll.dll+0x4cc91]


---------------  P R O C E S S  ---------------

Threads class SMR info:
_java_thread_list=0x000001a4ea1d0220, length=12, elements={
0x000001a48e8655b0, 0x000001a4a2c56810, 0x000001a4a2c578d0, 0x000001a4a2c5d3c0,
0x000001a4a2c5e2d0, 0x000001a4ea0023a0, 0x000001a4ea0045c0, 0x000001a4ea008840,
0x000001a4ea02d8f0, 0x000001a4ea102d40, 0x000001a4ea2e2ee0, 0x000001a4ea3a26c0
}

Java Threads: ( => current thread )
  0x000001a48e8655b0 JavaThread "main"                              [_thread_in_vm, id=18544, stack(0x0000004562e00000,0x0000004562f00000) (1024K)]
  0x000001a4a2c56810 JavaThread "Reference Handler"          daemon [_thread_blocked, id=30460, stack(0x0000004563200000,0x0000004563300000) (1024K)]
  0x000001a4a2c578d0 JavaThread "Finalizer"                  daemon [_thread_blocked, id=8096, stack(0x0000004563300000,0x0000004563400000) (1024K)]
  0x000001a4a2c5d3c0 JavaThread "Signal Dispatcher"          daemon [_thread_blocked, id=37088, stack(0x0000004563400000,0x0000004563500000) (1024K)]
  0x000001a4a2c5e2d0 JavaThread "Attach Listener"            daemon [_thread_blocked, id=18520, stack(0x0000004563500000,0x0000004563600000) (1024K)]
  0x000001a4ea0023a0 JavaThread "Service Thread"             daemon [_thread_blocked, id=31024, stack(0x0000004563600000,0x0000004563700000) (1024K)]
  0x000001a4ea0045c0 JavaThread "Monitor Deflation Thread"   daemon [_thread_blocked, id=2496, stack(0x0000004563700000,0x0000004563800000) (1024K)]
=>0x000001a4ea008840 JavaThread "C2 CompilerThread0"         daemon [_thread_in_native, id=12744, stack(0x0000004563800000,0x0000004563900000) (1024K)]
  0x000001a4ea02d8f0 JavaThread "C1 CompilerThread0"         daemon [_thread_blocked, id=2084, stack(0x0000004563900000,0x0000004563a00000) (1024K)]
  0x000001a4ea102d40 JavaThread "Common-Cleaner"             daemon [_thread_blocked, id=8068, stack(0x0000004563a00000,0x0000004563b00000) (1024K)]
  0x000001a4ea2e2ee0 JavaThread "Notification Thread"        daemon [_thread_blocked, id=37624, stack(0x0000004563b00000,0x0000004563c00000) (1024K)]
  0x000001a4ea3a26c0 JavaThread "C2 CompilerThread1"         daemon [_thread_in_native, id=20172, stack(0x0000004563c00000,0x0000004563d00000) (1024K)]
Total: 12

Other Threads:
  0x000001a4a2c43930 VMThread "VM Thread"                           [id=25616, stack(0x0000004563100000,0x0000004563200000) (1024K)]
  0x000001a48e8ce4f0 WatcherThread "VM Periodic Task Thread"        [id=37648, stack(0x0000004563000000,0x0000004563100000) (1024K)]
  0x000001a48e8829e0 WorkerThread "GC Thread#0"                     [id=36400, stack(0x0000004562f00000,0x0000004563000000) (1024K)]
Total: 3

Threads with active compile tasks:
C2 CompilerThread0  749  617       4       java.util.HashMap$KeyIterator::next (8 bytes)
C2 CompilerThread1  749  629       4       lombok.patcher.scripts.MethodLevelPatchScript::patch (21 bytes)
Total: 2

VM state: not at safepoint (normal execution)

VM Mutex/Monitor currently owned by a thread: None

Heap address: 0x00000000c0000000, size: 1024 MB, Compressed Oops mode: 32-bit

CDS archive(s) mapped at: [0x000001a4a3000000-0x000001a4a3ba0000-0x000001a4a3ba0000), size 12189696, SharedBaseAddress: 0x000001a4a3000000, ArchiveRelocationMode: 1.
Compressed class space mapped at: 0x000001a4a4000000-0x000001a4e4000000, reserved size: 1073741824
Narrow klass base: 0x000001a4a3000000, Narrow klass shift: 0, Narrow klass range: 0x100000000

GC Precious Log:
 CardTable entry size: 512
 CPUs: 12 total, 12 available
 Memory: 16332M
 Large Page Support: Disabled
 NUMA Support: Disabled
 Compressed Oops: Enabled (32-bit)
 Alignments: Space 512K, Generation 512K, Heap 2M
 Heap Min Capacity: 100M
 Heap Initial Capacity: 100M
 Heap Max Capacity: 1G
 Pre-touch: Disabled
 Parallel Workers: 10

Heap:
 PSYoungGen      total 29696K, used 12862K [0x00000000eab00000, 0x00000000ecc00000, 0x0000000100000000)
  eden space 25600K, 50% used [0x00000000eab00000,0x00000000eb78f810,0x00000000ec400000)
  from space 4096K, 0% used [0x00000000ec800000,0x00000000ec800000,0x00000000ecc00000)
  to   space 4096K, 0% used [0x00000000ec400000,0x00000000ec400000,0x00000000ec800000)
 ParOldGen       total 68608K, used 0K [0x00000000c0000000, 0x00000000c4300000, 0x00000000eab00000)
  object space 68608K, 0% used [0x00000000c0000000,0x00000000c0000000,0x00000000c4300000)
 Metaspace       used 2295K, committed 2496K, reserved 1114112K
  class space    used 227K, committed 320K, reserved 1048576K

Card table byte_map: [0x000001a48e230000,0x000001a48e440000] _byte_map_base: 0x000001a48dc30000

Marking Bits: (ParMarkBitMap*) 0x00007ff91de33260
 Begin Bits: [0x000001a4a0a60000, 0x000001a4a1a60000)
 End Bits:   [0x000001a4a1a60000, 0x000001a4a2a60000)

Polling page: 0x000001a48c700000

Metaspace:

Usage:
  Non-class:      2.03 MB used.
      Class:    228.00 KB used.
       Both:      2.25 MB used.

Virtual space:
  Non-class space:       64.00 MB reserved,       2.12 MB (  3%) committed,  1 nodes.
      Class space:        1.00 GB reserved,     320.00 KB ( <1%) committed,  1 nodes.
             Both:        1.06 GB reserved,       2.44 MB ( <1%) committed. 

Chunk freelists:
   Non-Class:  11.65 MB
       Class:  15.67 MB
        Both:  27.32 MB

MaxMetaspaceSize: unlimited
CompressedClassSpaceSize: 1.00 GB
Initial GC threshold: 21.00 MB
Current GC threshold: 21.00 MB
CDS: on
 - commit_granule_bytes: 65536.
 - commit_granule_words: 8192.
 - virtual_space_node_default_size: 8388608.
 - enlarge_chunks_in_place: 1.
 - use_allocation_guard: 0.


Internal statistics:

num_allocs_failed_limit: 0.
num_arena_births: 80.
num_arena_deaths: 0.
num_vsnodes_births: 2.
num_vsnodes_deaths: 0.
num_space_committed: 39.
num_space_uncommitted: 0.
num_chunks_returned_to_freelist: 0.
num_chunks_taken_from_freelist: 102.
num_chunk_merges: 0.
num_chunk_splits: 71.
num_chunks_enlarged: 46.
num_inconsistent_stats: 0.

CodeHeap 'non-profiled nmethods': size=120000Kb used=229Kb max_used=229Kb free=119770Kb
 bounds [0x000001a499530000, 0x000001a4997a0000, 0x000001a4a0a60000]
CodeHeap 'profiled nmethods': size=120000Kb used=953Kb max_used=953Kb free=119046Kb
 bounds [0x000001a491a60000, 0x000001a491cd0000, 0x000001a498f90000]
CodeHeap 'non-nmethods': size=5760Kb used=1178Kb max_used=1187Kb free=4581Kb
 bounds [0x000001a498f90000, 0x000001a499200000, 0x000001a499530000]
 total_blobs=1085 nmethods=650 adapters=342
 compilation: enabled
              stopped_count=0, restarted_count=0
 full_count=0

Compilation events (20 events):
Event: 0.692 Thread 0x000001a4ea008840 nmethod 609 0x000001a499565d90 code [0x000001a499565f40, 0x000001a499566478]
Event: 0.692 Thread 0x000001a4ea008840  618   !   4       java.lang.String::replace (258 bytes)
Event: 0.697 Thread 0x000001a4ea02d8f0  620       3       java.lang.reflect.Modifier::isProtected (12 bytes)
Event: 0.698 Thread 0x000001a4ea02d8f0 nmethod 620 0x000001a491b3d610 code [0x000001a491b3d7a0, 0x000001a491b3d8e0]
Event: 0.698 Thread 0x000001a4ea02d8f0  621       3       sun.security.util.DerInputStream::<init> (38 bytes)
Event: 0.699 Thread 0x000001a4ea02d8f0 nmethod 621 0x000001a491b3d990 code [0x000001a491b3db40, 0x000001a491b3dce0]
Event: 0.700 Thread 0x000001a4ea02d8f0  622       3       java.net.URI::match (56 bytes)
Event: 0.700 Thread 0x000001a4ea02d8f0 nmethod 622 0x000001a491b3dd90 code [0x000001a491b3df40, 0x000001a491b3e210]
Event: 0.703 Thread 0x000001a4ea02d8f0  623       3       sun.security.util.DerValue::data (29 bytes)
Event: 0.703 Thread 0x000001a4ea02d8f0 nmethod 623 0x000001a491b3e290 code [0x000001a491b3e440, 0x000001a491b3e610]
Event: 0.706 Thread 0x000001a4ea02d8f0  624       3       sun.security.util.DerValue::<init> (445 bytes)
Event: 0.707 Thread 0x000001a4ea02d8f0 nmethod 624 0x000001a491b3e710 code [0x000001a491b3eb40, 0x000001a491b404f8]
Event: 0.707 Thread 0x000001a4ea02d8f0  625       3       sun.security.util.DerInputStream::getDerValue (76 bytes)
Event: 0.708 Thread 0x000001a4ea02d8f0 nmethod 625 0x000001a491b40e90 code [0x000001a491b41040, 0x000001a491b412a0]
Event: 0.712 Thread 0x000001a4ea02d8f0  628       3       sun.invoke.util.VerifyAccess::isSamePackage (37 bytes)
Event: 0.713 Thread 0x000001a4ea02d8f0 nmethod 628 0x000001a491b41390 code [0x000001a491b415a0, 0x000001a491b41b10]
Event: 0.716 Thread 0x000001a4ea008840 nmethod 618 0x000001a499566e90 code [0x000001a4995670a0, 0x000001a499567920]
Event: 0.717 Thread 0x000001a4ea008840  619       4       java.lang.Math::min (11 bytes)
Event: 0.717 Thread 0x000001a4ea008840 nmethod 619 0x000001a499568010 code [0x000001a499568180, 0x000001a4995681f0]
Event: 0.717 Thread 0x000001a4ea008840  617       4       java.util.HashMap$KeyIterator::next (8 bytes)

GC Heap History (0 events):
No events

Dll operation events (8 events):
Event: 0.016 Loaded shared library c:\Users\kyle\.vscode\extensions\redhat.java-1.41.0-win32-x64\jre\21.0.6-win32-x86_64\bin\java.dll
Event: 0.118 Loaded shared library c:\Users\kyle\.vscode\extensions\redhat.java-1.41.0-win32-x64\jre\21.0.6-win32-x86_64\bin\zip.dll
Event: 0.150 Loaded shared library C:\Users\kyle\.vscode\extensions\redhat.java-1.41.0-win32-x64\jre\21.0.6-win32-x86_64\bin\instrument.dll
Event: 0.158 Loaded shared library C:\Users\kyle\.vscode\extensions\redhat.java-1.41.0-win32-x64\jre\21.0.6-win32-x86_64\bin\net.dll
Event: 0.161 Loaded shared library C:\Users\kyle\.vscode\extensions\redhat.java-1.41.0-win32-x64\jre\21.0.6-win32-x86_64\bin\nio.dll
Event: 0.166 Loaded shared library C:\Users\kyle\.vscode\extensions\redhat.java-1.41.0-win32-x64\jre\21.0.6-win32-x86_64\bin\zip.dll
Event: 0.191 Loaded shared library C:\Users\kyle\.vscode\extensions\redhat.java-1.41.0-win32-x64\jre\21.0.6-win32-x86_64\bin\jimage.dll
Event: 0.303 Loaded shared library c:\Users\kyle\.vscode\extensions\redhat.java-1.41.0-win32-x64\jre\21.0.6-win32-x86_64\bin\verify.dll

Deoptimization events (20 events):
Event: 0.554 Thread 0x000001a48e8655b0 DEOPT PACKING pc=0x000001a491aa7158 sp=0x0000004562efbf20
Event: 0.554 Thread 0x000001a48e8655b0 DEOPT UNPACKING pc=0x000001a498fe4242 sp=0x0000004562efb3e0 mode 0
Event: 0.559 Thread 0x000001a48e8655b0 DEOPT PACKING pc=0x000001a491aa7158 sp=0x0000004562efafc0
Event: 0.559 Thread 0x000001a48e8655b0 DEOPT UNPACKING pc=0x000001a498fe4242 sp=0x0000004562efa480 mode 0
Event: 0.561 Thread 0x000001a48e8655b0 DEOPT PACKING pc=0x000001a491aa7158 sp=0x0000004562efbb60
Event: 0.561 Thread 0x000001a48e8655b0 DEOPT UNPACKING pc=0x000001a498fe4242 sp=0x0000004562efb020 mode 0
Event: 0.563 Thread 0x000001a48e8655b0 DEOPT PACKING pc=0x000001a491aa7158 sp=0x0000004562efbc10
Event: 0.563 Thread 0x000001a48e8655b0 DEOPT UNPACKING pc=0x000001a498fe4242 sp=0x0000004562efb0d0 mode 0
Event: 0.565 Thread 0x000001a48e8655b0 DEOPT PACKING pc=0x000001a491aa7158 sp=0x0000004562efc210
Event: 0.565 Thread 0x000001a48e8655b0 DEOPT UNPACKING pc=0x000001a498fe4242 sp=0x0000004562efb6d0 mode 0
Event: 0.583 Thread 0x000001a48e8655b0 DEOPT PACKING pc=0x000001a491aa7158 sp=0x0000004562efae00
Event: 0.583 Thread 0x000001a48e8655b0 DEOPT UNPACKING pc=0x000001a498fe4242 sp=0x0000004562efa2c0 mode 0
Event: 0.680 Thread 0x000001a48e8655b0 Uncommon trap: trap_request=0xffffff45 fr.pc=0x000001a499560e6c relative=0x000000000000014c
Event: 0.680 Thread 0x000001a48e8655b0 Uncommon trap: reason=unstable_if action=reinterpret pc=0x000001a499560e6c method=jdk.internal.util.ArraysSupport.vectorizedHashCode(Ljava/lang/Object;IIII)I @ 2 c2
Event: 0.680 Thread 0x000001a48e8655b0 DEOPT PACKING pc=0x000001a499560e6c sp=0x0000004562efce90
Event: 0.681 Thread 0x000001a48e8655b0 DEOPT UNPACKING pc=0x000001a498fe3aa2 sp=0x0000004562efce40 mode 2
Event: 0.700 Thread 0x000001a48e8655b0 Uncommon trap: trap_request=0xffffff45 fr.pc=0x000001a499553774 relative=0x00000000000000d4
Event: 0.700 Thread 0x000001a48e8655b0 Uncommon trap: reason=unstable_if action=reinterpret pc=0x000001a499553774 method=java.net.URI.match(CJJ)Z @ 45 c2
Event: 0.700 Thread 0x000001a48e8655b0 DEOPT PACKING pc=0x000001a499553774 sp=0x0000004562efd130
Event: 0.700 Thread 0x000001a48e8655b0 DEOPT UNPACKING pc=0x000001a498fe3aa2 sp=0x0000004562efd098 mode 2

Classes loaded (20 events):
Event: 0.713 Loading class java/util/regex/Pattern$NotBehind
Event: 0.713 Loading class java/util/regex/Pattern$NotBehind done
Event: 0.713 Loading class sun/security/util/AbstractAlgorithmConstraints$1
Event: 0.713 Loading class sun/security/util/AbstractAlgorithmConstraints$1 done
Event: 0.714 Loading class sun/security/util/DisabledAlgorithmConstraints$Constraints
Event: 0.715 Loading class sun/security/util/DisabledAlgorithmConstraints$Constraints done
Event: 0.716 Loading class sun/security/util/CurveDB
Event: 0.716 Loading class sun/security/util/CurveDB done
Event: 0.717 Loading class java/security/spec/ECFieldFp
Event: 0.717 Loading class java/security/spec/ECField
Event: 0.717 Loading class java/security/spec/ECField done
Event: 0.717 Loading class java/security/spec/ECFieldFp done
Event: 0.717 Loading class java/security/spec/EllipticCurve
Event: 0.717 Loading class java/security/spec/EllipticCurve done
Event: 0.717 Loading class java/security/spec/ECPoint
Event: 0.717 Loading class java/security/spec/ECPoint done
Event: 0.718 Loading class sun/security/util/NamedCurve
Event: 0.718 Loading class java/security/spec/ECParameterSpec
Event: 0.718 Loading class java/security/spec/ECParameterSpec done
Event: 0.718 Loading class sun/security/util/NamedCurve done

Classes unloaded (0 events):
No events

Classes redefined (0 events):
No events

Internal exceptions (12 events):
Event: 0.113 Thread 0x000001a48e8655b0 Exception <a 'java/lang/NoSuchMethodError'{0x00000000ead2a790}: 'void java.lang.invoke.DirectMethodHandle$Holder.invokeStatic(java.lang.Object, java.lang.Object, java.lang.Object)'> (0x00000000ead2a790) 
thrown [s\src\hotspot\share\interpreter\linkResolver.cpp, line 773]
Event: 0.183 Thread 0x000001a48e8655b0 Exception <a 'java/lang/NoSuchMethodError'{0x00000000eae939b8}: 'java.lang.Object java.lang.invoke.Invokers$Holder.invokeExact_MT(java.lang.Object, java.lang.Object, java.lang.Object, java.lang.Object, java.lang.Object)'> (0x00000000eae939b8) 
thrown [s\src\hotspot\share\interpreter\linkResolver.cpp, line 773]
Event: 0.243 Thread 0x000001a48e8655b0 Exception <a 'java/lang/NoSuchMethodError'{0x00000000eaf4c110}: 'int java.lang.invoke.DirectMethodHandle$Holder.invokeSpecial(java.lang.Object, java.lang.Object, java.lang.Object, int)'> (0x00000000eaf4c110) 
thrown [s\src\hotspot\share\interpreter\linkResolver.cpp, line 773]
Event: 0.246 Thread 0x000001a48e8655b0 Exception <a 'java/lang/NoSuchMethodError'{0x00000000eaf5eaf8}: 'java.lang.Object java.lang.invoke.DirectMethodHandle$Holder.invokeStatic(java.lang.Object, java.lang.Object, java.lang.Object, java.lang.Object, int)'> (0x00000000eaf5eaf8) 
thrown [s\src\hotspot\share\interpreter\linkResolver.cpp, line 773]
Event: 0.247 Thread 0x000001a48e8655b0 Exception <a 'java/lang/NoSuchMethodError'{0x00000000eaf69f38}: 'void java.lang.invoke.DelegatingMethodHandle$Holder.reinvoke_L(java.lang.Object, java.lang.Object, java.lang.Object, int, java.lang.Object)'> (0x00000000eaf69f38) 
thrown [s\src\hotspot\share\interpreter\linkResolver.cpp, line 773]
Event: 0.251 Thread 0x000001a48e8655b0 Exception <a 'java/lang/NoSuchMethodError'{0x00000000eaf7a888}: 'int java.lang.invoke.DirectMethodHandle$Holder.invokeSpecial(java.lang.Object, java.lang.Object, java.lang.Object)'> (0x00000000eaf7a888) 
thrown [s\src\hotspot\share\interpreter\linkResolver.cpp, line 773]
Event: 0.253 Thread 0x000001a48e8655b0 Exception <a 'java/lang/NoSuchMethodError'{0x00000000eaf86548}: 'java.lang.Object java.lang.invoke.DirectMethodHandle$Holder.invokeStatic(java.lang.Object, java.lang.Object, int)'> (0x00000000eaf86548) 
thrown [s\src\hotspot\share\interpreter\linkResolver.cpp, line 773]
Event: 0.253 Thread 0x000001a48e8655b0 Exception <a 'java/lang/NoSuchMethodError'{0x00000000eaf8ae98}: 'void java.lang.invoke.DirectMethodHandle$Holder.invokeStatic(java.lang.Object, java.lang.Object, int, java.lang.Object)'> (0x00000000eaf8ae98) 
thrown [s\src\hotspot\share\interpreter\linkResolver.cpp, line 773]
Event: 0.254 Thread 0x000001a48e8655b0 Exception <a 'java/lang/NoSuchMethodError'{0x00000000eaf8ea28}: 'void java.lang.invoke.DirectMethodHandle$Holder.invokeSpecial(java.lang.Object, java.lang.Object, java.lang.Object, int, java.lang.Object)'> (0x00000000eaf8ea28) 
thrown [s\src\hotspot\share\interpreter\linkResolver.cpp, line 773]
Event: 0.254 Thread 0x000001a48e8655b0 Exception <a 'java/lang/NoSuchMethodError'{0x00000000eaf91e98}: 'void java.lang.invoke.DelegatingMethodHandle$Holder.delegate(java.lang.Object, java.lang.Object, int, java.lang.Object)'> (0x00000000eaf91e98) 
thrown [s\src\hotspot\share\interpreter\linkResolver.cpp, line 773]
Event: 0.357 Thread 0x000001a48e8655b0 Exception <a 'java/lang/NoSuchMethodError'{0x00000000eb14ee18}: 'void java.lang.invoke.DelegatingMethodHandle$Holder.reinvoke_L(java.lang.Object, java.lang.Object, java.lang.Object, int)'> (0x00000000eb14ee18) 
thrown [s\src\hotspot\share\interpreter\linkResolver.cpp, line 773]
Event: 0.667 Thread 0x000001a48e8655b0 Exception <a 'java/lang/NoSuchMethodError'{0x00000000eb5d6700}: 'void java.lang.invoke.DirectMethodHandle$Holder.invokeVirtual(java.lang.Object, java.lang.Object)'> (0x00000000eb5d6700) 
thrown [s\src\hotspot\share\interpreter\linkResolver.cpp, line 773]

ZGC Phase Switch (0 events):
No events

VM Operations (4 events):
Event: 0.116 Executing VM operation: HandshakeAllThreads (Deoptimize)
Event: 0.116 Executing VM operation: HandshakeAllThreads (Deoptimize) done
Event: 0.209 Executing VM operation: HandshakeAllThreads (Deoptimize)
Event: 0.209 Executing VM operation: HandshakeAllThreads (Deoptimize) done

Memory protections (0 events):
No events

Nmethod flushes (0 events):
No events

Events (13 events):
Event: 0.034 Thread 0x000001a48e8655b0 Thread added: 0x000001a48e8655b0
Event: 0.061 Thread 0x000001a48e8655b0 Thread added: 0x000001a4a2c56810
Event: 0.061 Thread 0x000001a48e8655b0 Thread added: 0x000001a4a2c578d0
Event: 0.061 Thread 0x000001a48e8655b0 Thread added: 0x000001a4a2c5d3c0
Event: 0.061 Thread 0x000001a48e8655b0 Thread added: 0x000001a4a2c5e2d0
Event: 0.061 Thread 0x000001a48e8655b0 Thread added: 0x000001a4ea0023a0
Event: 0.061 Thread 0x000001a48e8655b0 Thread added: 0x000001a4ea0045c0
Event: 0.061 Thread 0x000001a48e8655b0 Thread added: 0x000001a4ea008840
Event: 0.062 Thread 0x000001a48e8655b0 Thread added: 0x000001a4ea02d8f0
Event: 0.102 Thread 0x000001a48e8655b0 Thread added: 0x000001a4ea102d40
Event: 0.297 Thread 0x000001a4ea02d8f0 Thread added: 0x000001a4ea2e2ee0
Event: 0.510 Thread 0x000001a4ea2e2ee0 Thread exited: 0x000001a4ea2e2ee0
Event: 0.535 Thread 0x000001a48e8655b0 Thread added: 0x000001a4ea2e2ee0


Dynamic libraries:
0x00007ff7bf2c0000 - 0x00007ff7bf2ce000 	c:\Users\kyle\.vscode\extensions\redhat.java-1.41.0-win32-x64\jre\21.0.6-win32-x86_64\bin\java.exe
0x00007ff9c1530000 - 0x00007ff9c1728000 	C:\WINDOWS\SYSTEM32\ntdll.dll
0x00007ff9bf6d0000 - 0x00007ff9bf792000 	C:\WINDOWS\System32\KERNEL32.DLL
0x00007ff9bef90000 - 0x00007ff9bf28f000 	C:\WINDOWS\System32\KERNELBASE.dll
0x00007ff9bec60000 - 0x00007ff9bed60000 	C:\WINDOWS\System32\ucrtbase.dll
0x00007ff9b4c80000 - 0x00007ff9b4c98000 	c:\Users\kyle\.vscode\extensions\redhat.java-1.41.0-win32-x64\jre\21.0.6-win32-x86_64\bin\jli.dll
0x00007ff9bfe90000 - 0x00007ff9c002d000 	C:\WINDOWS\System32\USER32.dll
0x00007ff9b4160000 - 0x00007ff9b417e000 	c:\Users\kyle\.vscode\extensions\redhat.java-1.41.0-win32-x64\jre\21.0.6-win32-x86_64\bin\VCRUNTIME140.dll
0x00007ff9bf520000 - 0x00007ff9bf542000 	C:\WINDOWS\System32\win32u.dll
0x00007ff9b42f0000 - 0x00007ff9b458a000 	C:\WINDOWS\WinSxS\amd64_microsoft.windows.common-controls_6595b64144ccf1df_6.0.19041.4355_none_60b8b9eb71f62e16\COMCTL32.dll
0x00007ff9c14c0000 - 0x00007ff9c14eb000 	C:\WINDOWS\System32\GDI32.dll
0x00007ff9bfa20000 - 0x00007ff9bfabe000 	C:\WINDOWS\System32\msvcrt.dll
0x00007ff9bedd0000 - 0x00007ff9beeea000 	C:\WINDOWS\System32\gdi32full.dll
0x00007ff9beef0000 - 0x00007ff9bef8d000 	C:\WINDOWS\System32\msvcp_win.dll
0x00007ff9bfe30000 - 0x00007ff9bfe5f000 	C:\WINDOWS\System32\IMM32.DLL
0x00007ff9b4130000 - 0x00007ff9b413c000 	c:\Users\kyle\.vscode\extensions\redhat.java-1.41.0-win32-x64\jre\21.0.6-win32-x86_64\bin\vcruntime140_1.dll
0x00007ff996090000 - 0x00007ff99611d000 	c:\Users\kyle\.vscode\extensions\redhat.java-1.41.0-win32-x64\jre\21.0.6-win32-x86_64\bin\msvcp140.dll
0x00007ff91d180000 - 0x00007ff91df10000 	c:\Users\kyle\.vscode\extensions\redhat.java-1.41.0-win32-x64\jre\21.0.6-win32-x86_64\bin\server\jvm.dll
0x00007ff9bfd80000 - 0x00007ff9bfe2f000 	C:\WINDOWS\System32\ADVAPI32.dll
0x00007ff9bf630000 - 0x00007ff9bf6cf000 	C:\WINDOWS\System32\sechost.dll
0x00007ff9bfad0000 - 0x00007ff9bfbf3000 	C:\WINDOWS\System32\RPCRT4.dll
0x00007ff9bf290000 - 0x00007ff9bf2b7000 	C:\WINDOWS\System32\bcrypt.dll
0x00007ff9c0bc0000 - 0x00007ff9c0c2b000 	C:\WINDOWS\System32\WS2_32.dll
0x00007ff9be130000 - 0x00007ff9be17b000 	C:\WINDOWS\SYSTEM32\POWRPROF.dll
0x00007ff9b7d10000 - 0x00007ff9b7d1a000 	C:\WINDOWS\SYSTEM32\VERSION.dll
0x00007ff9b2250000 - 0x00007ff9b2277000 	C:\WINDOWS\SYSTEM32\WINMM.dll
0x00007ff9bdfa0000 - 0x00007ff9bdfb2000 	C:\WINDOWS\SYSTEM32\UMPDC.dll
0x00007ff9bca30000 - 0x00007ff9bca42000 	C:\WINDOWS\SYSTEM32\kernel.appcore.dll
0x00007ff9b4150000 - 0x00007ff9b415a000 	c:\Users\kyle\.vscode\extensions\redhat.java-1.41.0-win32-x64\jre\21.0.6-win32-x86_64\bin\jimage.dll
0x00007ff9b1910000 - 0x00007ff9b1af4000 	C:\WINDOWS\SYSTEM32\DBGHELP.DLL
0x00007ff9ad750000 - 0x00007ff9ad784000 	C:\WINDOWS\SYSTEM32\dbgcore.DLL
0x00007ff9bebd0000 - 0x00007ff9bec52000 	C:\WINDOWS\System32\bcryptPrimitives.dll
0x00007ff9b4090000 - 0x00007ff9b409f000 	c:\Users\kyle\.vscode\extensions\redhat.java-1.41.0-win32-x64\jre\21.0.6-win32-x86_64\bin\instrument.dll
0x00007ff9b4110000 - 0x00007ff9b412f000 	c:\Users\kyle\.vscode\extensions\redhat.java-1.41.0-win32-x64\jre\21.0.6-win32-x86_64\bin\java.dll
0x00007ff9c0450000 - 0x00007ff9c0bbd000 	C:\WINDOWS\System32\SHELL32.dll
0x00007ff9bcc30000 - 0x00007ff9bd3d4000 	C:\WINDOWS\SYSTEM32\windows.storage.dll
0x00007ff9c00f0000 - 0x00007ff9c0445000 	C:\WINDOWS\System32\combase.dll
0x00007ff9be600000 - 0x00007ff9be62f000 	C:\WINDOWS\SYSTEM32\Wldp.dll
0x00007ff9bf950000 - 0x00007ff9bfa1d000 	C:\WINDOWS\System32\OLEAUT32.dll
0x00007ff9c1330000 - 0x00007ff9c13dd000 	C:\WINDOWS\System32\SHCORE.dll
0x00007ff9c1270000 - 0x00007ff9c12c5000 	C:\WINDOWS\System32\shlwapi.dll
0x00007ff9beb00000 - 0x00007ff9beb24000 	C:\WINDOWS\SYSTEM32\profapi.dll
0x00007ff9b40a0000 - 0x00007ff9b40b8000 	c:\Users\kyle\.vscode\extensions\redhat.java-1.41.0-win32-x64\jre\21.0.6-win32-x86_64\bin\zip.dll
0x00007ff9b4140000 - 0x00007ff9b4150000 	C:\Users\kyle\.vscode\extensions\redhat.java-1.41.0-win32-x64\jre\21.0.6-win32-x86_64\bin\net.dll
0x00007ff9b7ff0000 - 0x00007ff9b80fa000 	C:\WINDOWS\SYSTEM32\WINHTTP.dll
0x00007ff9be320000 - 0x00007ff9be38c000 	C:\WINDOWS\system32\mswsock.dll
0x00007ff9ad7a0000 - 0x00007ff9ad7b6000 	C:\Users\kyle\.vscode\extensions\redhat.java-1.41.0-win32-x64\jre\21.0.6-win32-x86_64\bin\nio.dll
0x00007ff9a7c00000 - 0x00007ff9a7c10000 	c:\Users\kyle\.vscode\extensions\redhat.java-1.41.0-win32-x64\jre\21.0.6-win32-x86_64\bin\verify.dll

dbghelp: loaded successfully - version: 4.0.5 - missing functions: none
symbol engine: initialized successfully - sym options: 0x614 - pdb path: .;c:\Users\kyle\.vscode\extensions\redhat.java-1.41.0-win32-x64\jre\21.0.6-win32-x86_64\bin;C:\WINDOWS\SYSTEM32;C:\WINDOWS\WinSxS\amd64_microsoft.windows.common-controls_6595b64144ccf1df_6.0.19041.4355_none_60b8b9eb71f62e16;c:\Users\kyle\.vscode\extensions\redhat.java-1.41.0-win32-x64\jre\21.0.6-win32-x86_64\bin\server

VM Arguments:
jvm_args: --add-modules=ALL-SYSTEM --add-opens=java.base/java.util=ALL-UNNAMED --add-opens=java.base/java.lang=ALL-UNNAMED --add-opens=java.base/sun.nio.fs=ALL-UNNAMED -Declipse.application=org.eclipse.jdt.ls.core.id1 -Dosgi.bundles.defaultStartLevel=4 -Declipse.product=org.eclipse.jdt.ls.core.product -Djava.import.generatesMetadataFilesAtProjectRoot=false -DDetectVMInstallationsJob.disabled=true -Dfile.encoding=utf8 -XX:+UseParallelGC -XX:GCTimeRatio=4 -XX:AdaptiveSizePolicyWeight=90 -Dsun.zip.disableMemoryMapping=true -Xmx1G -Xms100m -Xlog:disable -javaagent:c:\Users\kyle\.vscode\extensions\redhat.java-1.41.0-win32-x64\lombok\lombok-1.18.36.jar 
java_command: c:\Users\kyle\.vscode\extensions\redhat.java-1.41.0-win32-x64\server\plugins\org.eclipse.equinox.launcher_1.6.1100.v20250306-0509.jar -configuration c:\Users\kyle\AppData\Roaming\Code\User\globalStorage\redhat.java\1.41.0\config_ss_win -data c:\Users\kyle\AppData\Roaming\Code\User\workspaceStorage\27b870e5d2666bf51d6ebdd89bc5f487\redhat.java\ss_ws --pipe=\\.\pipe\lsp-eb17d4a39f66d1d1ffb2ff9f2a723464-sock
java_class_path (initial): c:\Users\kyle\.vscode\extensions\redhat.java-1.41.0-win32-x64\server\plugins\org.eclipse.equinox.launcher_1.6.1100.v20250306-0509.jar
Launcher Type: SUN_STANDARD

[Global flags]
    uintx AdaptiveSizePolicyWeight                 = 90                                        {product} {command line}
     intx CICompilerCount                          = 4                                         {product} {ergonomic}
    uintx GCTimeRatio                              = 4                                         {product} {command line}
   size_t InitialHeapSize                          = 104857600                                 {product} {command line}
   size_t MaxHeapSize                              = 1073741824                                {product} {command line}
   size_t MaxNewSize                               = 357564416                                 {product} {ergonomic}
   size_t MinHeapDeltaBytes                        = 524288                                    {product} {ergonomic}
   size_t MinHeapSize                              = 104857600                                 {product} {command line}
   size_t NewSize                                  = 34603008                                  {product} {ergonomic}
    uintx NonNMethodCodeHeapSize                   = 5839372                                {pd product} {ergonomic}
    uintx NonProfiledCodeHeapSize                  = 122909434                              {pd product} {ergonomic}
   size_t OldSize                                  = 70254592                                  {product} {ergonomic}
    uintx ProfiledCodeHeapSize                     = 122909434                              {pd product} {ergonomic}
    uintx ReservedCodeCacheSize                    = 251658240                              {pd product} {ergonomic}
     bool SegmentedCodeCache                       = true                                      {product} {ergonomic}
   size_t SoftMaxHeapSize                          = 1073741824                             {manageable} {ergonomic}
     bool UseCompressedOops                        = true                           {product lp64_product} {ergonomic}
     bool UseLargePagesIndividualAllocation        = false                                  {pd product} {ergonomic}
     bool UseParallelGC                            = true                                      {product} {command line}

Logging:
Log output configuration:
 #0: stdout all=off uptime,level,tags foldmultilines=false
 #1: stderr all=off uptime,level,tags foldmultilines=false

Environment Variables:
PATH=C:\Python313\Scripts\;C:\Python313\;C:\Program Files\Common Files\Oracle\Java\javapath;C:\ffmpeg\bin;C:\ffmpeg\bin;C:\ffmpeg\bin;C:\Program Files\NVIDIA GPU Computing Toolkit\CUDA\v11.2\bin;C:\Program Files\NVIDIA GPU Computing Toolkit\CUDA\v11.2\libnvvp;C:\Program Files\NVIDIA GPU Computing Toolkit\CUDA\v11.4\bin;C:\Program Files\NVIDIA GPU Computing Toolkit\CUDA\v11.4\libnvvp;C:\Program Files (x86)\Razer Chroma SDK\bin;C:\Program Files\Razer Chroma SDK\bin;C:\Program Files (x86)\Razer\ChromaBroadcast\bin;C:\Program Files\Razer\ChromaBroadcast\bin;C:\WINDOWS\system32;C:\WINDOWS;C:\WINDOWS\System32\Wbem;C:\WINDOWS\System32\WindowsPowerShell\v1.0\;C:\WINDOWS\System32\OpenSSH\;C:\Program Files\Git\cmd;C:\Program Files\NVIDIA Corporation\NVIDIA NvDLISR;C:\WINDOWS\system32\config\systemprofile\AppData\Local\Microsoft\WindowsApps;C:\Program Files\MongoDB\Server\4.4\bin;;C:\WINDOWS\system32;C:\WINDOWS;C:\WINDOWS\System32\Wbem;C:\WINDOWS\System32\WindowsPowerShell\v1.0\;C:\WINDOWS\System32\OpenSSH\;C:\Program Files (x86)\NVIDIA Corporation\PhysX\Common;C:\Program Files\NVIDIA ;C:\Program Files\dotnet\;C:\ProgramData\chocolatey\bin;C:\Program Files\nodejs\;C:\Users\kyle\AppData\Local\Programs\Python\Python310\Scripts\;C:\Users\kyle\AppData\Local\Programs\Python\Python310\;C:\Users\kyle\.cargo\bin;C:\Users\kyle\AppData\Local\Programs\Python\Python39\Scripts\;C:\Users\kyle\AppData\Local\Programs\Python\Python39\;C:\Program Files\NVIDIA GPU Computing Toolkit\CUDA\v11.4\bin\\..\extras\CUPTI\lib64;C:\Program Files\NVIDIA GPU Computing Toolkit\CUDA\v11.2\bin;C:\Program Files\NVIDIA GPU Computing Toolkit\CUDA\v11.2\libnvvp;C:\Program Files\NVIDIA GPU Computing Toolkit\CUDA\v11.4\bin;C:\Program Files\NVIDIA GPU Computing Toolkit\CUDA\v11.4\libnvvp;C:\Program Files (x86)\Razer Chroma SDK\bin;C:\Program Files\Razer Chroma SDK\bin;C:\Program Files (x86)\Razer\ChromaBroadcast\bin;C:\Program Files\Razer\ChromaBroadcast\bin;C:\WINDOWS\system32;C:\WINDOWS;C:\WINDOWS\System32\Wbem;C:\WINDOWS\System32\WindowsPowerShell\v1.0\;C:\WINDOWS\System32\OpenSSH\;C:\Program Files\Git\cmd;C:\Program Files\NVIDIA Corporation\NVIDIA NvDLISR;C:\WINDOWS\system32\config\systemprofile\AppData\L;C:\Users\kyle\AppData\Local\Programs\Microsoft VS Code\bin;C:\Users\kyle\AppData\Local\GitHubDesktop\bin;D:\Downloads\llvm-mingw-20240619-ucrt-x86_64\llvm-mingw-20240619-ucrt-x86_64\bin;C:\Users\kyle\.dotnet\tools;C:\Users\kyle\dev\flutter\bin;C:\Users\kyle\AppData\Local\Pub\Cache\bin;C:\Users\kyle\AppData\Roaming\npm
USERNAME=kyle
OS=Windows_NT
PROCESSOR_IDENTIFIER=AMD64 Family 23 Model 8 Stepping 2, AuthenticAMD
TMP=C:\Users\kyle\AppData\Local\Temp
TEMP=C:\Users\kyle\AppData\Local\Temp




Periodic native trim disabled

---------------  S Y S T E M  ---------------

OS:
 Windows 10 , 64 bit Build 19041 (10.0.19041.5438)
OS uptime: 30 days 7:49 hours
Hyper-V role detected

CPU: total 12 (initial active 12) (12 cores per cpu, 2 threads per core) family 23 model 8 stepping 2 microcode 0x0, cx8, cmov, fxsr, ht, mmx, 3dnowpref, sse, sse2, sse3, ssse3, sse4a, sse4.1, sse4.2, popcnt, lzcnt, tsc, tscinvbit, avx, avx2, aes, clmul, bmi1, bmi2, adx, sha, fma, vzeroupper, clflush, clflushopt, hv, rdtscp, f16c
Processor Information for the first 12 processors :
  Max Mhz: 3400, Current Mhz: 3400, Mhz Limit: 3400

Memory: 4k page, system-wide physical 16332M (505M free)
TotalPageFile size 65484M (AvailPageFile size 4M)
current process WorkingSet (physical memory assigned to process): 54M, peak: 54M
current process commit charge ("private bytes"): 200M, peak: 200M

vm_info: OpenJDK 64-Bit Server VM (21.0.6+7-LTS) for windows-amd64 JRE (21.0.6+7-LTS), built on 2025-01-21T00:00:00Z by "admin" with MS VC++ 17.7 (VS2022)

END.
